github.com/gomlx/gomlx/graph/asserts.go:43:					AssertDims					83.3%
github.com/gomlx/gomlx/graph/asserts.go:63:					AssertRank					100.0%
github.com/gomlx/gomlx/graph/asserts.go:76:					AssertScalar					100.0%
github.com/gomlx/gomlx/graph/exec.go:174:					NewExecAny					79.4%
github.com/gomlx/gomlx/graph/exec.go:247:					NewExec						100.0%
github.com/gomlx/gomlx/graph/exec.go:254:					InDevice					0.0%
github.com/gomlx/gomlx/graph/exec.go:261:					DeviceNum					100.0%
github.com/gomlx/gomlx/graph/exec.go:268:					SetName						100.0%
github.com/gomlx/gomlx/graph/exec.go:274:					Name						100.0%
github.com/gomlx/gomlx/graph/exec.go:281:					SetMaxCache					100.0%
github.com/gomlx/gomlx/graph/exec.go:308:					SetSideParamsHook				100.0%
github.com/gomlx/gomlx/graph/exec.go:316:					SetNodeLogger					100.0%
github.com/gomlx/gomlx/graph/exec.go:321:					GetNodeLogger					100.0%
github.com/gomlx/gomlx/graph/exec.go:332:					Call						100.0%
github.com/gomlx/gomlx/graph/exec.go:346:					CallWithGraph					100.0%
github.com/gomlx/gomlx/graph/exec.go:351:					unwrapListOfTensors				100.0%
github.com/gomlx/gomlx/graph/exec.go:368:					PreCompile					0.0%
github.com/gomlx/gomlx/graph/exec.go:374:					compileAndExecute				89.7%
github.com/gomlx/gomlx/graph/exec.go:457:					createAndCacheGraph				93.3%
github.com/gomlx/gomlx/graph/exec.go:530:					findOrCreateGraph				100.0%
github.com/gomlx/gomlx/graph/exec.go:553:					Finalize					100.0%
github.com/gomlx/gomlx/graph/exec.go:566:					DefaultNodeLogger				100.0%
github.com/gomlx/gomlx/graph/gen_backend_ops.go:108:				Type						100.0%
github.com/gomlx/gomlx/graph/gen_backend_ops.go:113:				String						0.0%
github.com/gomlx/gomlx/graph/gen_backend_ops.go:121:				Abs						100.0%
github.com/gomlx/gomlx/graph/gen_backend_ops.go:146:				Type						100.0%
github.com/gomlx/gomlx/graph/gen_backend_ops.go:151:				String						0.0%
github.com/gomlx/gomlx/graph/gen_backend_ops.go:162:				Add						100.0%
github.com/gomlx/gomlx/graph/gen_backend_ops.go:188:				Type						0.0%
github.com/gomlx/gomlx/graph/gen_backend_ops.go:193:				String						0.0%
github.com/gomlx/gomlx/graph/gen_backend_ops.go:203:				And						100.0%
github.com/gomlx/gomlx/graph/gen_backend_ops.go:232:				Type						0.0%
github.com/gomlx/gomlx/graph/gen_backend_ops.go:237:				String						0.0%
github.com/gomlx/gomlx/graph/gen_backend_ops.go:248:				backendArgMinMax				100.0%
github.com/gomlx/gomlx/graph/gen_backend_ops.go:281:				Type						0.0%
github.com/gomlx/gomlx/graph/gen_backend_ops.go:286:				String						0.0%
github.com/gomlx/gomlx/graph/gen_backend_ops.go:300:				backendBatchNormForInference			100.0%
github.com/gomlx/gomlx/graph/gen_backend_ops.go:334:				Type						100.0%
github.com/gomlx/gomlx/graph/gen_backend_ops.go:339:				String						0.0%
github.com/gomlx/gomlx/graph/gen_backend_ops.go:351:				backendBatchNormForTraining			100.0%
github.com/gomlx/gomlx/graph/gen_backend_ops.go:387:				Type						0.0%
github.com/gomlx/gomlx/graph/gen_backend_ops.go:392:				String						0.0%
github.com/gomlx/gomlx/graph/gen_backend_ops.go:406:				backendBatchNormGradient			100.0%
github.com/gomlx/gomlx/graph/gen_backend_ops.go:439:				Type						0.0%
github.com/gomlx/gomlx/graph/gen_backend_ops.go:444:				String						0.0%
github.com/gomlx/gomlx/graph/gen_backend_ops.go:453:				backendBroadcast				100.0%
github.com/gomlx/gomlx/graph/gen_backend_ops.go:480:				Type						100.0%
github.com/gomlx/gomlx/graph/gen_backend_ops.go:485:				String						0.0%
github.com/gomlx/gomlx/graph/gen_backend_ops.go:495:				backendBroadcastInDim				100.0%
github.com/gomlx/gomlx/graph/gen_backend_ops.go:521:				Type						0.0%
github.com/gomlx/gomlx/graph/gen_backend_ops.go:526:				String						0.0%
github.com/gomlx/gomlx/graph/gen_backend_ops.go:534:				Ceil						100.0%
github.com/gomlx/gomlx/graph/gen_backend_ops.go:558:				Type						0.0%
github.com/gomlx/gomlx/graph/gen_backend_ops.go:563:				String						0.0%
github.com/gomlx/gomlx/graph/gen_backend_ops.go:571:				Clz						100.0%
github.com/gomlx/gomlx/graph/gen_backend_ops.go:596:				Type						100.0%
github.com/gomlx/gomlx/graph/gen_backend_ops.go:601:				String						0.0%
github.com/gomlx/gomlx/graph/gen_backend_ops.go:616:				Complex						100.0%
github.com/gomlx/gomlx/graph/gen_backend_ops.go:642:				Type						100.0%
github.com/gomlx/gomlx/graph/gen_backend_ops.go:647:				String						0.0%
github.com/gomlx/gomlx/graph/gen_backend_ops.go:656:				backendConcatenate				100.0%
github.com/gomlx/gomlx/graph/gen_backend_ops.go:681:				Type						100.0%
github.com/gomlx/gomlx/graph/gen_backend_ops.go:686:				String						0.0%
github.com/gomlx/gomlx/graph/gen_backend_ops.go:694:				Conj						100.0%
github.com/gomlx/gomlx/graph/gen_backend_ops.go:726:				Type						100.0%
github.com/gomlx/gomlx/graph/gen_backend_ops.go:731:				String						0.0%
github.com/gomlx/gomlx/graph/gen_backend_ops.go:747:				backendConvGeneralDilated			100.0%
github.com/gomlx/gomlx/graph/gen_backend_ops.go:780:				Type						100.0%
github.com/gomlx/gomlx/graph/gen_backend_ops.go:785:				String						0.0%
github.com/gomlx/gomlx/graph/gen_backend_ops.go:794:				ConvertDType					100.0%
github.com/gomlx/gomlx/graph/gen_backend_ops.go:819:				Type						0.0%
github.com/gomlx/gomlx/graph/gen_backend_ops.go:824:				String						0.0%
github.com/gomlx/gomlx/graph/gen_backend_ops.go:832:				Cos						100.0%
github.com/gomlx/gomlx/graph/gen_backend_ops.go:857:				Type						100.0%
github.com/gomlx/gomlx/graph/gen_backend_ops.go:862:				String						0.0%
github.com/gomlx/gomlx/graph/gen_backend_ops.go:873:				Div						100.0%
github.com/gomlx/gomlx/graph/gen_backend_ops.go:899:				Type						100.0%
github.com/gomlx/gomlx/graph/gen_backend_ops.go:904:				String						0.0%
github.com/gomlx/gomlx/graph/gen_backend_ops.go:925:				Dot						100.0%
github.com/gomlx/gomlx/graph/gen_backend_ops.go:955:				Type						100.0%
github.com/gomlx/gomlx/graph/gen_backend_ops.go:960:				String						0.0%
github.com/gomlx/gomlx/graph/gen_backend_ops.go:973:				backendDotGeneral				100.0%
github.com/gomlx/gomlx/graph/gen_backend_ops.go:1003:				Type						0.0%
github.com/gomlx/gomlx/graph/gen_backend_ops.go:1008:				String						0.0%
github.com/gomlx/gomlx/graph/gen_backend_ops.go:1018:				Equal						100.0%
github.com/gomlx/gomlx/graph/gen_backend_ops.go:1045:				Type						0.0%
github.com/gomlx/gomlx/graph/gen_backend_ops.go:1050:				String						0.0%
github.com/gomlx/gomlx/graph/gen_backend_ops.go:1062:				EqualTotalOrder					0.0%
github.com/gomlx/gomlx/graph/gen_backend_ops.go:1088:				Type						100.0%
github.com/gomlx/gomlx/graph/gen_backend_ops.go:1093:				String						0.0%
github.com/gomlx/gomlx/graph/gen_backend_ops.go:1101:				Exp						100.0%
github.com/gomlx/gomlx/graph/gen_backend_ops.go:1125:				Type						0.0%
github.com/gomlx/gomlx/graph/gen_backend_ops.go:1130:				String						0.0%
github.com/gomlx/gomlx/graph/gen_backend_ops.go:1138:				Expm1						100.0%
github.com/gomlx/gomlx/graph/gen_backend_ops.go:1164:				Type						100.0%
github.com/gomlx/gomlx/graph/gen_backend_ops.go:1169:				String						0.0%
github.com/gomlx/gomlx/graph/gen_backend_ops.go:1179:				backendFFT					100.0%
github.com/gomlx/gomlx/graph/gen_backend_ops.go:1205:				Type						0.0%
github.com/gomlx/gomlx/graph/gen_backend_ops.go:1210:				String						0.0%
github.com/gomlx/gomlx/graph/gen_backend_ops.go:1218:				Floor						100.0%
github.com/gomlx/gomlx/graph/gen_backend_ops.go:1249:				Type						100.0%
github.com/gomlx/gomlx/graph/gen_backend_ops.go:1254:				String						0.0%
github.com/gomlx/gomlx/graph/gen_backend_ops.go:1269:				backendGather					100.0%
github.com/gomlx/gomlx/graph/gen_backend_ops.go:1301:				Type						0.0%
github.com/gomlx/gomlx/graph/gen_backend_ops.go:1306:				String						0.0%
github.com/gomlx/gomlx/graph/gen_backend_ops.go:1316:				GreaterOrEqual					100.0%
github.com/gomlx/gomlx/graph/gen_backend_ops.go:1343:				Type						0.0%
github.com/gomlx/gomlx/graph/gen_backend_ops.go:1348:				String						0.0%
github.com/gomlx/gomlx/graph/gen_backend_ops.go:1360:				GreaterOrEqualTotalOrder			100.0%
github.com/gomlx/gomlx/graph/gen_backend_ops.go:1387:				Type						0.0%
github.com/gomlx/gomlx/graph/gen_backend_ops.go:1392:				String						0.0%
github.com/gomlx/gomlx/graph/gen_backend_ops.go:1402:				GreaterThan					100.0%
github.com/gomlx/gomlx/graph/gen_backend_ops.go:1429:				Type						0.0%
github.com/gomlx/gomlx/graph/gen_backend_ops.go:1434:				String						0.0%
github.com/gomlx/gomlx/graph/gen_backend_ops.go:1446:				GreaterThanTotalOrder				0.0%
github.com/gomlx/gomlx/graph/gen_backend_ops.go:1472:				Type						100.0%
github.com/gomlx/gomlx/graph/gen_backend_ops.go:1477:				String						0.0%
github.com/gomlx/gomlx/graph/gen_backend_ops.go:1486:				Identity					100.0%
github.com/gomlx/gomlx/graph/gen_backend_ops.go:1510:				Type						100.0%
github.com/gomlx/gomlx/graph/gen_backend_ops.go:1515:				String						0.0%
github.com/gomlx/gomlx/graph/gen_backend_ops.go:1523:				Imag						100.0%
github.com/gomlx/gomlx/graph/gen_backend_ops.go:1548:				Type						0.0%
github.com/gomlx/gomlx/graph/gen_backend_ops.go:1553:				String						0.0%
github.com/gomlx/gomlx/graph/gen_backend_ops.go:1562:				backendIota					100.0%
github.com/gomlx/gomlx/graph/gen_backend_ops.go:1586:				Type						0.0%
github.com/gomlx/gomlx/graph/gen_backend_ops.go:1591:				String						0.0%
github.com/gomlx/gomlx/graph/gen_backend_ops.go:1601:				LessOrEqual					100.0%
github.com/gomlx/gomlx/graph/gen_backend_ops.go:1628:				Type						0.0%
github.com/gomlx/gomlx/graph/gen_backend_ops.go:1633:				String						0.0%
github.com/gomlx/gomlx/graph/gen_backend_ops.go:1645:				LessOrEqualTotalOrder				0.0%
github.com/gomlx/gomlx/graph/gen_backend_ops.go:1672:				Type						0.0%
github.com/gomlx/gomlx/graph/gen_backend_ops.go:1677:				String						0.0%
github.com/gomlx/gomlx/graph/gen_backend_ops.go:1687:				LessThan					100.0%
github.com/gomlx/gomlx/graph/gen_backend_ops.go:1714:				Type						0.0%
github.com/gomlx/gomlx/graph/gen_backend_ops.go:1719:				String						0.0%
github.com/gomlx/gomlx/graph/gen_backend_ops.go:1731:				LessThanTotalOrder				100.0%
github.com/gomlx/gomlx/graph/gen_backend_ops.go:1757:				Type						100.0%
github.com/gomlx/gomlx/graph/gen_backend_ops.go:1762:				String						0.0%
github.com/gomlx/gomlx/graph/gen_backend_ops.go:1770:				Log						100.0%
github.com/gomlx/gomlx/graph/gen_backend_ops.go:1794:				Type						100.0%
github.com/gomlx/gomlx/graph/gen_backend_ops.go:1799:				String						0.0%
github.com/gomlx/gomlx/graph/gen_backend_ops.go:1807:				Log1p						100.0%
github.com/gomlx/gomlx/graph/gen_backend_ops.go:1831:				Type						0.0%
github.com/gomlx/gomlx/graph/gen_backend_ops.go:1836:				String						0.0%
github.com/gomlx/gomlx/graph/gen_backend_ops.go:1844:				LogicalNot					0.0%
github.com/gomlx/gomlx/graph/gen_backend_ops.go:1869:				Type						100.0%
github.com/gomlx/gomlx/graph/gen_backend_ops.go:1874:				String						0.0%
github.com/gomlx/gomlx/graph/gen_backend_ops.go:1882:				Logistic					100.0%
github.com/gomlx/gomlx/graph/gen_backend_ops.go:1907:				Type						100.0%
github.com/gomlx/gomlx/graph/gen_backend_ops.go:1912:				String						0.0%
github.com/gomlx/gomlx/graph/gen_backend_ops.go:1922:				Max						100.0%
github.com/gomlx/gomlx/graph/gen_backend_ops.go:1948:				Type						100.0%
github.com/gomlx/gomlx/graph/gen_backend_ops.go:1953:				String						0.0%
github.com/gomlx/gomlx/graph/gen_backend_ops.go:1963:				Min						100.0%
github.com/gomlx/gomlx/graph/gen_backend_ops.go:1989:				Type						100.0%
github.com/gomlx/gomlx/graph/gen_backend_ops.go:1994:				String						0.0%
github.com/gomlx/gomlx/graph/gen_backend_ops.go:2005:				Mul						100.0%
github.com/gomlx/gomlx/graph/gen_backend_ops.go:2030:				Type						100.0%
github.com/gomlx/gomlx/graph/gen_backend_ops.go:2035:				String						0.0%
github.com/gomlx/gomlx/graph/gen_backend_ops.go:2043:				Neg						100.0%
github.com/gomlx/gomlx/graph/gen_backend_ops.go:2068:				Type						0.0%
github.com/gomlx/gomlx/graph/gen_backend_ops.go:2073:				String						0.0%
github.com/gomlx/gomlx/graph/gen_backend_ops.go:2083:				NotEqual					100.0%
github.com/gomlx/gomlx/graph/gen_backend_ops.go:2110:				Type						0.0%
github.com/gomlx/gomlx/graph/gen_backend_ops.go:2115:				String						0.0%
github.com/gomlx/gomlx/graph/gen_backend_ops.go:2127:				NotEqualTotalOrder				0.0%
github.com/gomlx/gomlx/graph/gen_backend_ops.go:2154:				Type						0.0%
github.com/gomlx/gomlx/graph/gen_backend_ops.go:2159:				String						0.0%
github.com/gomlx/gomlx/graph/gen_backend_ops.go:2169:				Or						100.0%
github.com/gomlx/gomlx/graph/gen_backend_ops.go:2197:				Type						0.0%
github.com/gomlx/gomlx/graph/gen_backend_ops.go:2202:				String						0.0%
github.com/gomlx/gomlx/graph/gen_backend_ops.go:2214:				Pad						100.0%
github.com/gomlx/gomlx/graph/gen_backend_ops.go:2241:				Type						0.0%
github.com/gomlx/gomlx/graph/gen_backend_ops.go:2246:				String						0.0%
github.com/gomlx/gomlx/graph/gen_backend_ops.go:2256:				Pow						100.0%
github.com/gomlx/gomlx/graph/gen_backend_ops.go:2281:				Type						100.0%
github.com/gomlx/gomlx/graph/gen_backend_ops.go:2286:				String						0.0%
github.com/gomlx/gomlx/graph/gen_backend_ops.go:2294:				Real						100.0%
github.com/gomlx/gomlx/graph/gen_backend_ops.go:2319:				Type						100.0%
github.com/gomlx/gomlx/graph/gen_backend_ops.go:2324:				String						0.0%
github.com/gomlx/gomlx/graph/gen_backend_ops.go:2333:				backendReduceMax				100.0%
github.com/gomlx/gomlx/graph/gen_backend_ops.go:2359:				Type						0.0%
github.com/gomlx/gomlx/graph/gen_backend_ops.go:2364:				String						0.0%
github.com/gomlx/gomlx/graph/gen_backend_ops.go:2373:				backendReduceMin				0.0%
github.com/gomlx/gomlx/graph/gen_backend_ops.go:2399:				Type						0.0%
github.com/gomlx/gomlx/graph/gen_backend_ops.go:2404:				String						0.0%
github.com/gomlx/gomlx/graph/gen_backend_ops.go:2413:				backendReduceProduct				0.0%
github.com/gomlx/gomlx/graph/gen_backend_ops.go:2439:				Type						100.0%
github.com/gomlx/gomlx/graph/gen_backend_ops.go:2444:				String						0.0%
github.com/gomlx/gomlx/graph/gen_backend_ops.go:2453:				backendReduceSum				100.0%
github.com/gomlx/gomlx/graph/gen_backend_ops.go:2484:				Type						100.0%
github.com/gomlx/gomlx/graph/gen_backend_ops.go:2489:				String						0.0%
github.com/gomlx/gomlx/graph/gen_backend_ops.go:2503:				backendReduceWindow				100.0%
github.com/gomlx/gomlx/graph/gen_backend_ops.go:2534:				Type						0.0%
github.com/gomlx/gomlx/graph/gen_backend_ops.go:2539:				String						0.0%
github.com/gomlx/gomlx/graph/gen_backend_ops.go:2550:				Rem						100.0%
github.com/gomlx/gomlx/graph/gen_backend_ops.go:2576:				Type						100.0%
github.com/gomlx/gomlx/graph/gen_backend_ops.go:2581:				String						0.0%
github.com/gomlx/gomlx/graph/gen_backend_ops.go:2590:				backendReshape					100.0%
github.com/gomlx/gomlx/graph/gen_backend_ops.go:2616:				Type						0.0%
github.com/gomlx/gomlx/graph/gen_backend_ops.go:2621:				String						0.0%
github.com/gomlx/gomlx/graph/gen_backend_ops.go:2630:				backendReverse					100.0%
github.com/gomlx/gomlx/graph/gen_backend_ops.go:2656:				Type						0.0%
github.com/gomlx/gomlx/graph/gen_backend_ops.go:2661:				String						0.0%
github.com/gomlx/gomlx/graph/gen_backend_ops.go:2670:				backendRngBitGenerator				100.0%
github.com/gomlx/gomlx/graph/gen_backend_ops.go:2697:				Type						0.0%
github.com/gomlx/gomlx/graph/gen_backend_ops.go:2702:				String						0.0%
github.com/gomlx/gomlx/graph/gen_backend_ops.go:2710:				Round						100.0%
github.com/gomlx/gomlx/graph/gen_backend_ops.go:2734:				Type						0.0%
github.com/gomlx/gomlx/graph/gen_backend_ops.go:2739:				String						0.0%
github.com/gomlx/gomlx/graph/gen_backend_ops.go:2747:				Rsqrt						100.0%
github.com/gomlx/gomlx/graph/gen_backend_ops.go:2779:				Type						0.0%
github.com/gomlx/gomlx/graph/gen_backend_ops.go:2784:				String						0.0%
github.com/gomlx/gomlx/graph/gen_backend_ops.go:2800:				backendScatterAdd				100.0%
github.com/gomlx/gomlx/graph/gen_backend_ops.go:2840:				Type						0.0%
github.com/gomlx/gomlx/graph/gen_backend_ops.go:2845:				String						0.0%
github.com/gomlx/gomlx/graph/gen_backend_ops.go:2861:				ScatterMax					0.0%
github.com/gomlx/gomlx/graph/gen_backend_ops.go:2901:				Type						0.0%
github.com/gomlx/gomlx/graph/gen_backend_ops.go:2906:				String						0.0%
github.com/gomlx/gomlx/graph/gen_backend_ops.go:2922:				ScatterMin					0.0%
github.com/gomlx/gomlx/graph/gen_backend_ops.go:2958:				Type						0.0%
github.com/gomlx/gomlx/graph/gen_backend_ops.go:2963:				String						0.0%
github.com/gomlx/gomlx/graph/gen_backend_ops.go:2975:				backendSelectAndScatterMax			100.0%
github.com/gomlx/gomlx/graph/gen_backend_ops.go:3007:				Type						0.0%
github.com/gomlx/gomlx/graph/gen_backend_ops.go:3012:				String						0.0%
github.com/gomlx/gomlx/graph/gen_backend_ops.go:3024:				backendSelectAndScatterMin			100.0%
github.com/gomlx/gomlx/graph/gen_backend_ops.go:3056:				Type						0.0%
github.com/gomlx/gomlx/graph/gen_backend_ops.go:3061:				String						0.0%
github.com/gomlx/gomlx/graph/gen_backend_ops.go:3073:				backendSelectAndScatterSum			0.0%
github.com/gomlx/gomlx/graph/gen_backend_ops.go:3101:				Type						0.0%
github.com/gomlx/gomlx/graph/gen_backend_ops.go:3106:				String						0.0%
github.com/gomlx/gomlx/graph/gen_backend_ops.go:3114:				backendSign					100.0%
github.com/gomlx/gomlx/graph/gen_backend_ops.go:3138:				Type						0.0%
github.com/gomlx/gomlx/graph/gen_backend_ops.go:3143:				String						0.0%
github.com/gomlx/gomlx/graph/gen_backend_ops.go:3151:				Sin						100.0%
github.com/gomlx/gomlx/graph/gen_backend_ops.go:3178:				Type						100.0%
github.com/gomlx/gomlx/graph/gen_backend_ops.go:3183:				String						0.0%
github.com/gomlx/gomlx/graph/gen_backend_ops.go:3194:				backendSlice					100.0%
github.com/gomlx/gomlx/graph/gen_backend_ops.go:3221:				Type						100.0%
github.com/gomlx/gomlx/graph/gen_backend_ops.go:3226:				String						0.0%
github.com/gomlx/gomlx/graph/gen_backend_ops.go:3234:				Sqrt						100.0%
github.com/gomlx/gomlx/graph/gen_backend_ops.go:3259:				Type						100.0%
github.com/gomlx/gomlx/graph/gen_backend_ops.go:3264:				String						0.0%
github.com/gomlx/gomlx/graph/gen_backend_ops.go:3275:				Sub						100.0%
github.com/gomlx/gomlx/graph/gen_backend_ops.go:3300:				Type						0.0%
github.com/gomlx/gomlx/graph/gen_backend_ops.go:3305:				String						0.0%
github.com/gomlx/gomlx/graph/gen_backend_ops.go:3313:				Tanh						100.0%
github.com/gomlx/gomlx/graph/gen_backend_ops.go:3338:				Type						100.0%
github.com/gomlx/gomlx/graph/gen_backend_ops.go:3343:				String						0.0%
github.com/gomlx/gomlx/graph/gen_backend_ops.go:3352:				backendTranspose				100.0%
github.com/gomlx/gomlx/graph/gen_backend_ops.go:3379:				Type						100.0%
github.com/gomlx/gomlx/graph/gen_backend_ops.go:3384:				String						0.0%
github.com/gomlx/gomlx/graph/gen_backend_ops.go:3394:				backendWhere					100.0%
github.com/gomlx/gomlx/graph/gen_backend_ops.go:3421:				Type						0.0%
github.com/gomlx/gomlx/graph/gen_backend_ops.go:3426:				String						0.0%
github.com/gomlx/gomlx/graph/gen_backend_ops.go:3436:				Xor						100.0%
github.com/gomlx/gomlx/graph/graph.go:144:					NewGraph					100.0%
github.com/gomlx/gomlx/graph/graph.go:192:					WithName					100.0%
github.com/gomlx/gomlx/graph/graph.go:200:					build						71.4%
github.com/gomlx/gomlx/graph/graph.go:215:					Backend						0.0%
github.com/gomlx/gomlx/graph/graph.go:218:					Name						100.0%
github.com/gomlx/gomlx/graph/graph.go:224:					Finalize					92.3%
github.com/gomlx/gomlx/graph/graph.go:244:					GraphId						100.0%
github.com/gomlx/gomlx/graph/graph.go:249:					IsValid						100.0%
github.com/gomlx/gomlx/graph/graph.go:254:					AssertValid					50.0%
github.com/gomlx/gomlx/graph/graph.go:266:					AssertConfiguring				60.0%
github.com/gomlx/gomlx/graph/graph.go:278:					AssertBuilding					75.0%
github.com/gomlx/gomlx/graph/graph.go:287:					AssertCompiled					66.7%
github.com/gomlx/gomlx/graph/graph.go:299:					SetTraced					100.0%
github.com/gomlx/gomlx/graph/graph.go:306:					registerNode					88.9%
github.com/gomlx/gomlx/graph/graph.go:321:					NodeById					0.0%
github.com/gomlx/gomlx/graph/graph.go:331:					LastNode					100.0%
github.com/gomlx/gomlx/graph/graph.go:337:					Nodes						0.0%
github.com/gomlx/gomlx/graph/graph.go:344:					Compile						59.1%
github.com/gomlx/gomlx/graph/graph.go:392:					DonateTensorBuffer				100.0%
github.com/gomlx/gomlx/graph/graph.go:405:					Run						90.0%
github.com/gomlx/gomlx/graph/graph.go:425:					RunWithMap					81.2%
github.com/gomlx/gomlx/graph/graph.go:456:					RunWithBuffers					84.6%
github.com/gomlx/gomlx/graph/graph.go:477:					anyToBuffer					100.0%
github.com/gomlx/gomlx/graph/graph.go:495:					NumParameters					100.0%
github.com/gomlx/gomlx/graph/graph.go:501:					GetParameterByHandle				0.0%
github.com/gomlx/gomlx/graph/graph.go:508:					GetParameterByName				71.4%
github.com/gomlx/gomlx/graph/graph.go:521:					String						0.0%
github.com/gomlx/gomlx/graph/graph.go:541:					LoggedNodes					100.0%
github.com/gomlx/gomlx/graph/graph.go:558:					getScalarConst					100.0%
github.com/gomlx/gomlx/graph/graphtest/graphtest.go:40:				BuildTestBackend				100.0%
github.com/gomlx/gomlx/graph/graphtest/graphtest.go:53:				RunTestGraphFn					93.5%
github.com/gomlx/gomlx/graph/nanlogger/nanlogger.go:102:			New						100.0%
github.com/gomlx/gomlx/graph/nanlogger/nanlogger.go:114:			AttachToExec					75.0%
github.com/gomlx/gomlx/graph/nanlogger/nanlogger.go:125:			AttachToTrainer					0.0%
github.com/gomlx/gomlx/graph/nanlogger/nanlogger.go:141:			Trace						100.0%
github.com/gomlx/gomlx/graph/nanlogger/nanlogger.go:177:			PushScope					100.0%
github.com/gomlx/gomlx/graph/nanlogger/nanlogger.go:188:			PopScope					66.7%
github.com/gomlx/gomlx/graph/nanlogger/nanlogger.go:201:			loggerFn					80.0%
github.com/gomlx/gomlx/graph/nanlogger/nanlogger.go:256:			SetHandler					66.7%
github.com/gomlx/gomlx/graph/nanlogger/nanlogger.go:265:			DefaultHandler					0.0%
github.com/gomlx/gomlx/graph/node.go:86:					Type						66.7%
github.com/gomlx/gomlx/graph/node.go:94:					Graph						66.7%
github.com/gomlx/gomlx/graph/node.go:102:					Shape						100.0%
github.com/gomlx/gomlx/graph/node.go:110:					DType						100.0%
github.com/gomlx/gomlx/graph/node.go:115:					Rank						100.0%
github.com/gomlx/gomlx/graph/node.go:120:					IsScalar					100.0%
github.com/gomlx/gomlx/graph/node.go:125:					Id						100.0%
github.com/gomlx/gomlx/graph/node.go:131:					GetParameterHandle				75.0%
github.com/gomlx/gomlx/graph/node.go:141:					GetParameterName				0.0%
github.com/gomlx/gomlx/graph/node.go:151:					Inputs						100.0%
github.com/gomlx/gomlx/graph/node.go:159:					NumOutputs					100.0%
github.com/gomlx/gomlx/graph/node.go:164:					AssertValid					60.0%
github.com/gomlx/gomlx/graph/node.go:175:					SetLogged					100.0%
github.com/gomlx/gomlx/graph/node.go:181:					SetLoggedf					0.0%
github.com/gomlx/gomlx/graph/node.go:186:					IsLogged					100.0%
github.com/gomlx/gomlx/graph/node.go:191:					LogMessage					100.0%
github.com/gomlx/gomlx/graph/node.go:197:					Trace						0.0%
github.com/gomlx/gomlx/graph/node.go:203:					String						66.7%
github.com/gomlx/gomlx/graph/node.go:236:					StopGradient					0.0%
github.com/gomlx/gomlx/graph/node.go:241:					CustomGradient					0.0%
github.com/gomlx/gomlx/graph/nodetype_enumer.go:17:				String						66.7%
github.com/gomlx/gomlx/graph/nodetype_enumer.go:24:				Values						0.0%
github.com/gomlx/gomlx/graph/nodetype_enumer.go:30:				_NodeTypeNoOp					0.0%
github.com/gomlx/gomlx/graph/nodetype_enumer.go:372:				NodeTypeString					0.0%
github.com/gomlx/gomlx/graph/nodetype_enumer.go:384:				NodeTypeValues					0.0%
github.com/gomlx/gomlx/graph/nodetype_enumer.go:389:				NodeTypeStrings					0.0%
github.com/gomlx/gomlx/graph/nodetype_enumer.go:396:				IsANodeType					0.0%
github.com/gomlx/gomlx/graph/nodetype_enumer.go:406:				MarshalJSON					0.0%
github.com/gomlx/gomlx/graph/nodetype_enumer.go:411:				UnmarshalJSON					0.0%
github.com/gomlx/gomlx/graph/nodetype_enumer.go:423:				MarshalText					0.0%
github.com/gomlx/gomlx/graph/nodetype_enumer.go:428:				UnmarshalText					0.0%
github.com/gomlx/gomlx/graph/nodetype_enumer.go:435:				MarshalYAML					0.0%
github.com/gomlx/gomlx/graph/nodetype_enumer.go:440:				UnmarshalYAML					0.0%
github.com/gomlx/gomlx/graph/ops.go:31:						Type						100.0%
github.com/gomlx/gomlx/graph/ops.go:36:						String						0.0%
github.com/gomlx/gomlx/graph/ops.go:46:						Parameter					84.6%
github.com/gomlx/gomlx/graph/ops.go:80:						Type						100.0%
github.com/gomlx/gomlx/graph/ops.go:85:						String						0.0%
github.com/gomlx/gomlx/graph/ops.go:92:						splitNode					91.7%
github.com/gomlx/gomlx/graph/ops.go:131:					Type						100.0%
github.com/gomlx/gomlx/graph/ops.go:136:					String						66.7%
github.com/gomlx/gomlx/graph/ops.go:148:					ConstTensor					100.0%
github.com/gomlx/gomlx/graph/ops.go:179:					Const						75.0%
github.com/gomlx/gomlx/graph/ops.go:195:					ConstAsDType					66.7%
github.com/gomlx/gomlx/graph/ops.go:204:					ConstAs						100.0%
github.com/gomlx/gomlx/graph/ops.go:210:					Infinity					40.0%
github.com/gomlx/gomlx/graph/ops.go:225:					StopGradient					100.0%
github.com/gomlx/gomlx/graph/ops.go:237:					IdentityWithCustomGradient			100.0%
github.com/gomlx/gomlx/graph/ops.go:250:					Iota						66.7%
github.com/gomlx/gomlx/graph/ops.go:263:					IotaFull					66.7%
github.com/gomlx/gomlx/graph/ops.go:274:					validateBuildingGraphFromInputs			69.2%
github.com/gomlx/gomlx/graph/ops.go:301:					Log1P						100.0%
github.com/gomlx/gomlx/graph/ops.go:304:					Sigmoid						100.0%
github.com/gomlx/gomlx/graph/ops.go:308:					Sign						100.0%
github.com/gomlx/gomlx/graph/ops.go:316:					Mod						66.7%
github.com/gomlx/gomlx/graph/ops.go:334:					BroadcastPrefix					100.0%
github.com/gomlx/gomlx/graph/ops.go:350:					ExpandAndBroadcast				84.2%
github.com/gomlx/gomlx/graph/ops.go:396:					BroadcastToShape				100.0%
github.com/gomlx/gomlx/graph/ops.go:410:					BroadcastToDims					100.0%
github.com/gomlx/gomlx/graph/ops.go:429:					ConvertType					0.0%
github.com/gomlx/gomlx/graph/ops.go:446:					Where						83.3%
github.com/gomlx/gomlx/graph/ops.go:480:					Reshape						85.0%
github.com/gomlx/gomlx/graph/ops.go:517:					ReshapeWithShape				66.7%
github.com/gomlx/gomlx/graph/ops.go:536:					ExpandDims					95.2%
github.com/gomlx/gomlx/graph/ops.go:574:					ExpandLeftToRank				75.0%
github.com/gomlx/gomlx/graph/ops.go:598:					Squeeze						87.5%
github.com/gomlx/gomlx/graph/ops.go:644:					ArgMax						87.5%
github.com/gomlx/gomlx/graph/ops.go:662:					ArgMin						85.7%
github.com/gomlx/gomlx/graph/ops.go:676:					adjustAxesToRank				85.7%
github.com/gomlx/gomlx/graph/ops.go:694:					adjustAxesToRankAndSort				100.0%
github.com/gomlx/gomlx/graph/ops.go:705:					ReduceSum					100.0%
github.com/gomlx/gomlx/graph/ops.go:712:					ReduceAllSum					100.0%
github.com/gomlx/gomlx/graph/ops.go:724:					MaskedReduceSum					75.0%
github.com/gomlx/gomlx/graph/ops.go:736:					MaskedReduceAllSum				0.0%
github.com/gomlx/gomlx/graph/ops.go:744:					ReduceMean					100.0%
github.com/gomlx/gomlx/graph/ops.go:752:					ReduceAllMean					100.0%
github.com/gomlx/gomlx/graph/ops.go:763:					MaskedReduceMean				90.9%
github.com/gomlx/gomlx/graph/ops.go:780:					MaskedReduceAllMean				0.0%
github.com/gomlx/gomlx/graph/ops.go:789:					ReduceMultiply					0.0%
github.com/gomlx/gomlx/graph/ops.go:796:					ReduceAllMultiply				0.0%
github.com/gomlx/gomlx/graph/ops.go:805:					ReduceMax					100.0%
github.com/gomlx/gomlx/graph/ops.go:812:					ReduceAllMax					0.0%
github.com/gomlx/gomlx/graph/ops.go:822:					MaskedReduceMax					85.7%
github.com/gomlx/gomlx/graph/ops.go:837:					MaskedReduceAllMax				0.0%
github.com/gomlx/gomlx/graph/ops.go:846:					ReduceMin					0.0%
github.com/gomlx/gomlx/graph/ops.go:853:					ReduceAllMin					0.0%
github.com/gomlx/gomlx/graph/ops.go:863:					MaskedReduceMin					0.0%
github.com/gomlx/gomlx/graph/ops.go:879:					MaskedReduceAllMin				0.0%
github.com/gomlx/gomlx/graph/ops.go:905:					Stride						100.0%
github.com/gomlx/gomlx/graph/ops.go:926:					Spacer						100.0%
github.com/gomlx/gomlx/graph/ops.go:942:					AxisRange					85.7%
github.com/gomlx/gomlx/graph/ops.go:957:					AxisRangeToEnd					100.0%
github.com/gomlx/gomlx/graph/ops.go:963:					AxisRangeFromStart				100.0%
github.com/gomlx/gomlx/graph/ops.go:969:					AxisElem					100.0%
github.com/gomlx/gomlx/graph/ops.go:979:					adjustAxisToRank				100.0%
github.com/gomlx/gomlx/graph/ops.go:1025:					Slice						91.7%
github.com/gomlx/gomlx/graph/ops.go:1087:					Concatenate					82.6%
github.com/gomlx/gomlx/graph/ops.go:1129:					concatenateVJP					100.0%
github.com/gomlx/gomlx/graph/ops.go:1160:					Reverse						87.5%
github.com/gomlx/gomlx/graph/ops.go:1175:					Transpose					84.6%
github.com/gomlx/gomlx/graph/ops.go:1198:					TransposeAllDims				64.3%
github.com/gomlx/gomlx/graph/ops.go:1253:					Einsum						87.9%
github.com/gomlx/gomlx/graph/ops.go:1369:					newEinsumOperandDesc				83.3%
github.com/gomlx/gomlx/graph/ops.go:1380:					hasAxis						100.0%
github.com/gomlx/gomlx/graph/ops.go:1389:					axisIndex					75.0%
github.com/gomlx/gomlx/graph/ops.go:1425:					EinsumAxes					85.7%
github.com/gomlx/gomlx/graph/ops.go:1488:					DotGeneral					100.0%
github.com/gomlx/gomlx/graph/ops.go:1499:					InternalBatchNormForTraining			83.3%
github.com/gomlx/gomlx/graph/ops.go:1511:					InternalBatchNormForInference			83.3%
github.com/gomlx/gomlx/graph/ops.go:1523:					InternalBatchNormGradient			83.3%
github.com/gomlx/gomlx/graph/ops_convolve.go:70:				Convolve					71.4%
github.com/gomlx/gomlx/graph/ops_convolve.go:92:				gatherSlice					100.0%
github.com/gomlx/gomlx/graph/ops_convolve.go:108:				ChannelsAxis					100.0%
github.com/gomlx/gomlx/graph/ops_convolve.go:141:				AxesConfig					100.0%
github.com/gomlx/gomlx/graph/ops_convolve.go:154:				Strides						100.0%
github.com/gomlx/gomlx/graph/ops_convolve.go:167:				StridePerDim					75.0%
github.com/gomlx/gomlx/graph/ops_convolve.go:180:				PadSame						100.0%
github.com/gomlx/gomlx/graph/ops_convolve.go:190:				NoPadding					100.0%
github.com/gomlx/gomlx/graph/ops_convolve.go:200:				PaddingPerDim					80.0%
github.com/gomlx/gomlx/graph/ops_convolve.go:220:				Dilations					100.0%
github.com/gomlx/gomlx/graph/ops_convolve.go:234:				DilationPerDim					85.7%
github.com/gomlx/gomlx/graph/ops_convolve.go:250:				InputDilationPerDim				57.1%
github.com/gomlx/gomlx/graph/ops_convolve.go:266:				Done						95.8%
github.com/gomlx/gomlx/graph/ops_convolve.go:330:				checkedConvGeneralDilated			80.0%
github.com/gomlx/gomlx/graph/ops_convolve.go:342:				convGeneralDilatedVJP				88.9%
github.com/gomlx/gomlx/graph/ops_convolve.go:367:				convVJPWrtX					92.3%
github.com/gomlx/gomlx/graph/ops_convolve.go:454:				expectedOutputSize				100.0%
github.com/gomlx/gomlx/graph/ops_convolve.go:464:				convVJPWrtKernel				96.3%
github.com/gomlx/gomlx/graph/ops_helpers.go:28:					AdjustAxisToOperandRank				83.3%
github.com/gomlx/gomlx/graph/ops_helpers.go:41:					dotCrossAxes					100.0%
github.com/gomlx/gomlx/graph/ops_helpers.go:61:					dotGeneralVJP					100.0%
github.com/gomlx/gomlx/graph/ops_interpolate.go:12:				scalarMin					66.7%
github.com/gomlx/gomlx/graph/ops_interpolate.go:47:				Interpolate					100.0%
github.com/gomlx/gomlx/graph/ops_interpolate.go:66:				Bilinear					100.0%
github.com/gomlx/gomlx/graph/ops_interpolate.go:75:				Nearest						100.0%
github.com/gomlx/gomlx/graph/ops_interpolate.go:90:				AlignCorner					100.0%
github.com/gomlx/gomlx/graph/ops_interpolate.go:102:				HalfPixelCenters				100.0%
github.com/gomlx/gomlx/graph/ops_interpolate.go:114:				Done						93.8%
github.com/gomlx/gomlx/graph/ops_pool.go:75:					MaxPool						100.0%
github.com/gomlx/gomlx/graph/ops_pool.go:103:					MinPool						100.0%
github.com/gomlx/gomlx/graph/ops_pool.go:131:					SumPool						100.0%
github.com/gomlx/gomlx/graph/ops_pool.go:159:					MeanPool					100.0%
github.com/gomlx/gomlx/graph/ops_pool.go:169:					ConcatPool					100.0%
github.com/gomlx/gomlx/graph/ops_pool.go:175:					makePoolBuilder					83.3%
github.com/gomlx/gomlx/graph/ops_pool.go:196:					ChannelsAxis					100.0%
github.com/gomlx/gomlx/graph/ops_pool.go:206:					Window						100.0%
github.com/gomlx/gomlx/graph/ops_pool.go:217:					WindowPerAxis					75.0%
github.com/gomlx/gomlx/graph/ops_pool.go:236:					Strides						100.0%
github.com/gomlx/gomlx/graph/ops_pool.go:251:					StridePerAxis					75.0%
github.com/gomlx/gomlx/graph/ops_pool.go:267:					PadSame						100.0%
github.com/gomlx/gomlx/graph/ops_pool.go:276:					NoPadding					100.0%
github.com/gomlx/gomlx/graph/ops_pool.go:285:					PaddingPerDim					80.0%
github.com/gomlx/gomlx/graph/ops_pool.go:298:					Done						94.9%
github.com/gomlx/gomlx/graph/ops_pool.go:377:					takeMeanOfContributions				100.0%
github.com/gomlx/gomlx/graph/ops_pool.go:392:					checkedReduceWindow				61.5%
github.com/gomlx/gomlx/graph/ops_pool.go:415:					checkedSelectAndScatter				57.1%
github.com/gomlx/gomlx/graph/ops_pool.go:444:					reduceWindowVJP					80.0%
github.com/gomlx/gomlx/graph/ops_pool.go:476:					dilateConvolveToMatchSumPooling			92.7%
github.com/gomlx/gomlx/graph/ops_pool.go:551:					doConcat					92.6%
github.com/gomlx/gomlx/graph/ops_random.go:24:					RngStateFromSeed				100.0%
github.com/gomlx/gomlx/graph/ops_random.go:42:					RngState					100.0%
github.com/gomlx/gomlx/graph/ops_random.go:48:					RngStateSplit					0.0%
github.com/gomlx/gomlx/graph/ops_random.go:60:					RandomUniform					97.2%
github.com/gomlx/gomlx/graph/ops_random.go:123:					RandomNormal					100.0%
github.com/gomlx/gomlx/graph/ops_signal.go:17:					FFT						66.7%
github.com/gomlx/gomlx/graph/ops_signal.go:33:					InverseFFT					66.7%
github.com/gomlx/gomlx/graph/ops_signal.go:53:					RealFFT						60.0%
github.com/gomlx/gomlx/graph/ops_signal.go:72:					InverseRealFFT					66.7%
github.com/gomlx/gomlx/graph/ops_signal.go:84:					fftVJP						60.0%
github.com/gomlx/gomlx/graph/ops_signal.go:109:					realFftVJP					0.0%
github.com/gomlx/gomlx/graph/ops_signal.go:149:					inverseRealFftVJP				0.0%
github.com/gomlx/gomlx/graph/ops_sparse.go:55:					Gather						89.7%
github.com/gomlx/gomlx/graph/ops_sparse.go:138:					GatherSlices					78.6%
github.com/gomlx/gomlx/graph/ops_sparse.go:300:					IndicesForShape					90.9%
github.com/gomlx/gomlx/graph/ops_sparse.go:324:					Scatter						100.0%
github.com/gomlx/gomlx/graph/ops_sparse.go:336:					ScatterAdd					82.8%
github.com/gomlx/gomlx/graph/ops_util.go:29:					Scalar						100.0%
github.com/gomlx/gomlx/graph/ops_util.go:35:					FillScalar					100.0%
github.com/gomlx/gomlx/graph/ops_util.go:40:					ScalarZero					100.0%
github.com/gomlx/gomlx/graph/ops_util.go:45:					ScalarOne					100.0%
github.com/gomlx/gomlx/graph/ops_util.go:51:					MulScalar					100.0%
github.com/gomlx/gomlx/graph/ops_util.go:60:					DivScalar					83.3%
github.com/gomlx/gomlx/graph/ops_util.go:74:					PowScalar					100.0%
github.com/gomlx/gomlx/graph/ops_util.go:80:					Square						100.0%
github.com/gomlx/gomlx/graph/ops_util.go:86:					AddScalar					100.0%
github.com/gomlx/gomlx/graph/ops_util.go:93:					ModScalar					0.0%
github.com/gomlx/gomlx/graph/ops_util.go:99:					MaxScalar					100.0%
github.com/gomlx/gomlx/graph/ops_util.go:105:					MinScalar					100.0%
github.com/gomlx/gomlx/graph/ops_util.go:110:					lowestForDType					100.0%
github.com/gomlx/gomlx/graph/ops_util.go:115:					OnesLike					100.0%
github.com/gomlx/gomlx/graph/ops_util.go:122:					Ones						80.0%
github.com/gomlx/gomlx/graph/ops_util.go:132:					ZerosLike					100.0%
github.com/gomlx/gomlx/graph/ops_util.go:139:					Zeros						100.0%
github.com/gomlx/gomlx/graph/ops_util.go:145:					OneMinus					100.0%
github.com/gomlx/gomlx/graph/ops_util.go:151:					MinusOne					100.0%
github.com/gomlx/gomlx/graph/ops_util.go:157:					OnePlus						100.0%
github.com/gomlx/gomlx/graph/ops_util.go:163:					Inverse						100.0%
github.com/gomlx/gomlx/graph/ops_util.go:170:					SignPlusOrMinus					100.0%
github.com/gomlx/gomlx/graph/ops_util.go:178:					PositiveIndicator				100.0%
github.com/gomlx/gomlx/graph/ops_util.go:186:					MirroredLog1p					100.0%
github.com/gomlx/gomlx/graph/ops_util.go:192:					StrictlyPositiveIndicator			100.0%
github.com/gomlx/gomlx/graph/ops_util.go:200:					Clip						100.0%
github.com/gomlx/gomlx/graph/ops_util.go:207:					ClipScalar					100.0%
github.com/gomlx/gomlx/graph/ops_util.go:215:					OneHot						90.0%
github.com/gomlx/gomlx/graph/ops_util.go:235:					ReduceAndKeep					100.0%
github.com/gomlx/gomlx/graph/ops_util.go:252:					MaskedReduceAndKeep				100.0%
github.com/gomlx/gomlx/graph/ops_util.go:284:					Softmax						90.0%
github.com/gomlx/gomlx/graph/ops_util.go:317:					MaskedSoftmax					82.4%
github.com/gomlx/gomlx/graph/ops_util.go:353:					LogSoftmax					90.0%
github.com/gomlx/gomlx/graph/ops_util.go:376:					MaskedLogSoftmax				84.6%
github.com/gomlx/gomlx/graph/ops_util.go:400:					L1Norm						66.7%
github.com/gomlx/gomlx/graph/ops_util.go:413:					L2NormSquare					100.0%
github.com/gomlx/gomlx/graph/ops_util.go:424:					L2Norm						100.0%
github.com/gomlx/gomlx/graph/ops_util.go:432:					L2Normalize					100.0%
github.com/gomlx/gomlx/graph/ops_util.go:440:					L2NormalizeWithEpsilon				100.0%
github.com/gomlx/gomlx/graph/ops_util.go:450:					LowerTriangular					100.0%
github.com/gomlx/gomlx/graph/ops_util.go:460:					UpperTriangular					100.0%
github.com/gomlx/gomlx/graph/ops_util.go:470:					Diagonal					100.0%
github.com/gomlx/gomlx/graph/ops_util.go:480:					DiagonalWithValue				100.0%
github.com/gomlx/gomlx/graph/ops_util.go:490:					ShiftLeft					100.0%
github.com/gomlx/gomlx/graph/ops_util.go:498:					ShiftRight					0.0%
github.com/gomlx/gomlx/graph/ops_util.go:511:					String						0.0%
github.com/gomlx/gomlx/graph/ops_util.go:522:					ShiftWithScalar					100.0%
github.com/gomlx/gomlx/graph/ops_util.go:531:					ShiftWithValue					100.0%
github.com/gomlx/gomlx/graph/ops_util.go:542:					Shift						100.0%
github.com/gomlx/gomlx/graph/ops_util.go:566:					genericShiftImpl				91.4%
github.com/gomlx/gomlx/graph/ops_util.go:628:					GrowLeft					100.0%
github.com/gomlx/gomlx/graph/ops_util.go:634:					GrowRight					100.0%
github.com/gomlx/gomlx/graph/ops_util.go:638:					growImpl					90.9%
github.com/gomlx/gomlx/graph/rev_autodiff.go:84:				combineOutputShape				100.0%
github.com/gomlx/gomlx/graph/rev_autodiff.go:92:				Gradient					92.2%
github.com/gomlx/gomlx/graph/rev_autodiff.go:243:				newReverseGraph					95.7%
github.com/gomlx/gomlx/graph/rev_autodiff.go:290:				recursivePathFromRoot				100.0%
github.com/gomlx/gomlx/graph/rev_autodiff.go:302:				recursiveMarkAsUseful				100.0%
github.com/gomlx/gomlx/graph/rev_autodiff.go:341:				vjpForSingle					100.0%
github.com/gomlx/gomlx/graph/rev_autodiff.go:396:				nilVJP						0.0%
github.com/gomlx/gomlx/graph/rev_autodiff.go:401:				noOpVJP						0.0%
github.com/gomlx/gomlx/graph/rev_autodiff.go:407:				vjpForDefaultBroadcast				88.2%
github.com/gomlx/gomlx/graph/rev_autodiff.go:444:				convertDTypeVJP					100.0%
github.com/gomlx/gomlx/graph/rev_autodiff.go:454:				negVJP						100.0%
github.com/gomlx/gomlx/graph/rev_autodiff.go:459:				absVJP						100.0%
github.com/gomlx/gomlx/graph/rev_autodiff.go:485:				expVJP						100.0%
github.com/gomlx/gomlx/graph/rev_autodiff.go:489:				logVJP						100.0%
github.com/gomlx/gomlx/graph/rev_autodiff.go:493:				log1pVJP					100.0%
github.com/gomlx/gomlx/graph/rev_autodiff.go:498:				tanhVJP						0.0%
github.com/gomlx/gomlx/graph/rev_autodiff.go:503:				sqrtVJP						100.0%
github.com/gomlx/gomlx/graph/rev_autodiff.go:510:				realVJP						100.0%
github.com/gomlx/gomlx/graph/rev_autodiff.go:517:				imagVJP						100.0%
github.com/gomlx/gomlx/graph/rev_autodiff.go:523:				conjVJP						100.0%
github.com/gomlx/gomlx/graph/rev_autodiff.go:528:				complexVJP					100.0%
github.com/gomlx/gomlx/graph/rev_autodiff.go:532:				addVJP						100.0%
github.com/gomlx/gomlx/graph/rev_autodiff.go:540:				subVJP						100.0%
github.com/gomlx/gomlx/graph/rev_autodiff.go:547:				whereVJP					100.0%
github.com/gomlx/gomlx/graph/rev_autodiff.go:559:				mulVJP						100.0%
github.com/gomlx/gomlx/graph/rev_autodiff.go:577:				divVJP						100.0%
github.com/gomlx/gomlx/graph/rev_autodiff.go:594:				minMaxVJP					100.0%
github.com/gomlx/gomlx/graph/rev_autodiff.go:610:				reduceSumVJP					100.0%
github.com/gomlx/gomlx/graph/rev_autodiff.go:633:				reduceMaxVJP					92.9%
github.com/gomlx/gomlx/graph/rev_autodiff.go:663:				reshapeVJP					100.0%
github.com/gomlx/gomlx/graph/rev_autodiff.go:668:				logisticVJP					100.0%
github.com/gomlx/gomlx/graph/rev_autodiff.go:677:				dotVJP						91.7%
github.com/gomlx/gomlx/graph/rev_autodiff.go:711:				sliceVJP					100.0%
github.com/gomlx/gomlx/graph/rev_autodiff.go:742:				gatherVJP					81.8%
github.com/gomlx/gomlx/graph/rev_autodiff.go:813:				batchNormForTrainingVJP				100.0%
github.com/gomlx/gomlx/graph/rev_autodiff.go:832:				transposeVJP					100.0%
github.com/gomlx/gomlx/graph/rev_autodiff.go:844:				broadcastInDimVJP				90.5%
github.com/gomlx/gomlx/ml/context/checkpoints/checkpoints.go:116:		Build						100.0%
github.com/gomlx/gomlx/ml/context/checkpoints/checkpoints.go:128:		setError					0.0%
github.com/gomlx/gomlx/ml/context/checkpoints/checkpoints.go:137:		Dir						42.9%
github.com/gomlx/gomlx/ml/context/checkpoints/checkpoints.go:165:		DirFromBase					100.0%
github.com/gomlx/gomlx/ml/context/checkpoints/checkpoints.go:181:		Immediate					0.0%
github.com/gomlx/gomlx/ml/context/checkpoints/checkpoints.go:198:		TempDir						60.0%
github.com/gomlx/gomlx/ml/context/checkpoints/checkpoints.go:220:		ExcludeAllParams				0.0%
github.com/gomlx/gomlx/ml/context/checkpoints/checkpoints.go:235:		ExcludeParams					100.0%
github.com/gomlx/gomlx/ml/context/checkpoints/checkpoints.go:246:		ExcludeVars					0.0%
github.com/gomlx/gomlx/ml/context/checkpoints/checkpoints.go:255:		Keep						100.0%
github.com/gomlx/gomlx/ml/context/checkpoints/checkpoints.go:278:		TakeMean					71.4%
github.com/gomlx/gomlx/ml/context/checkpoints/checkpoints.go:292:		Done						68.0%
github.com/gomlx/gomlx/ml/context/checkpoints/checkpoints.go:335:		MustDone					75.0%
github.com/gomlx/gomlx/ml/context/checkpoints/checkpoints.go:418:		jsonDecodeTypeConvert				60.0%
github.com/gomlx/gomlx/ml/context/checkpoints/checkpoints.go:466:		String						0.0%
github.com/gomlx/gomlx/ml/context/checkpoints/checkpoints.go:471:		newCheckpointBaseName				100.0%
github.com/gomlx/gomlx/ml/context/checkpoints/checkpoints.go:498:		ListCheckpoints					84.6%
github.com/gomlx/gomlx/ml/context/checkpoints/checkpoints.go:519:		HasCheckpoints					0.0%
github.com/gomlx/gomlx/ml/context/checkpoints/checkpoints.go:530:		maxCheckPointCountFromCheckpoints		81.8%
github.com/gomlx/gomlx/ml/context/checkpoints/checkpoints.go:558:		loadCheckpoint					79.6%
github.com/gomlx/gomlx/ml/context/checkpoints/checkpoints.go:649:		takeMean					85.7%
github.com/gomlx/gomlx/ml/context/checkpoints/checkpoints.go:688:		Save						75.0%
github.com/gomlx/gomlx/ml/context/checkpoints/checkpoints.go:802:		Backup						0.0%
github.com/gomlx/gomlx/ml/context/checkpoints/checkpoints.go:831:		OnStepFn					0.0%
github.com/gomlx/gomlx/ml/context/checkpoints/checkpoints.go:837:		keepNCheckpoints				81.2%
github.com/gomlx/gomlx/ml/context/checkpoints/checkpoints.go:870:		attachTo					90.9%
github.com/gomlx/gomlx/ml/context/checkpoints/checkpoints.go:895:		Dir						66.7%
github.com/gomlx/gomlx/ml/context/checkpoints/checkpoints.go:905:		LoadVariable					70.0%
github.com/gomlx/gomlx/ml/context/checkpoints/checkpoints.go:930:		DeleteVariable					0.0%
github.com/gomlx/gomlx/ml/context/checkpoints/checkpoints.go:942:		LoadedVariables					0.0%
github.com/gomlx/gomlx/ml/context/checkpoints/checkpoints.go:948:		ExcludeVarsFromSaving				0.0%
github.com/gomlx/gomlx/ml/context/context.go:168:				New						100.0%
github.com/gomlx/gomlx/ml/context/context.go:184:				NewContext					0.0%
github.com/gomlx/gomlx/ml/context/context.go:198:				copy						100.0%
github.com/gomlx/gomlx/ml/context/context.go:207:				JoinScope					100.0%
github.com/gomlx/gomlx/ml/context/context.go:219:				SplitScope					100.0%
github.com/gomlx/gomlx/ml/context/context.go:239:				Scope						100.0%
github.com/gomlx/gomlx/ml/context/context.go:244:				EscapeScopeName					100.0%
github.com/gomlx/gomlx/ml/context/context.go:252:				In						77.8%
github.com/gomlx/gomlx/ml/context/context.go:276:				Inf						100.0%
github.com/gomlx/gomlx/ml/context/context.go:285:				InAbsPath					87.5%
github.com/gomlx/gomlx/ml/context/context.go:304:				Reuse						100.0%
github.com/gomlx/gomlx/ml/context/context.go:314:				Unique						0.0%
github.com/gomlx/gomlx/ml/context/context.go:326:				IsReuse						0.0%
github.com/gomlx/gomlx/ml/context/context.go:335:				Checked						100.0%
github.com/gomlx/gomlx/ml/context/context.go:347:				IsChecked					0.0%
github.com/gomlx/gomlx/ml/context/context.go:353:				WithInitializer					80.0%
github.com/gomlx/gomlx/ml/context/context.go:372:				GetParam					100.0%
github.com/gomlx/gomlx/ml/context/context.go:385:				GetParamOr					100.0%
github.com/gomlx/gomlx/ml/context/context.go:422:				SetParam					100.0%
github.com/gomlx/gomlx/ml/context/context.go:430:				SetParams					100.0%
github.com/gomlx/gomlx/ml/context/context.go:437:				EnumerateParams					100.0%
github.com/gomlx/gomlx/ml/context/context.go:452:				GetGraphParam					100.0%
github.com/gomlx/gomlx/ml/context/context.go:475:				GetGraphParamOr					54.5%
github.com/gomlx/gomlx/ml/context/context.go:518:				SetGraphParam					100.0%
github.com/gomlx/gomlx/ml/context/context.go:528:				EnumerateGraphParams				75.0%
github.com/gomlx/gomlx/ml/context/context.go:541:				NeedsInitialization				100.0%
github.com/gomlx/gomlx/ml/context/context.go:553:				InitializeVariables				89.5%
github.com/gomlx/gomlx/ml/context/context.go:588:				ExecSetVariablesInParams			83.3%
github.com/gomlx/gomlx/ml/context/context.go:611:				InspectVariable					100.0%
github.com/gomlx/gomlx/ml/context/context.go:643:				InspectVariableInScope				0.0%
github.com/gomlx/gomlx/ml/context/context.go:652:				InspectVariableIfLoaded				0.0%
github.com/gomlx/gomlx/ml/context/context.go:661:				setVariableInScope				100.0%
github.com/gomlx/gomlx/ml/context/context.go:674:				DeleteVariable					100.0%
github.com/gomlx/gomlx/ml/context/context.go:704:				DeleteVariablesInScope				94.4%
github.com/gomlx/gomlx/ml/context/context.go:749:				VariableWithShape				92.9%
github.com/gomlx/gomlx/ml/context/context.go:783:				valueToTensor					80.0%
github.com/gomlx/gomlx/ml/context/context.go:810:				VariableWithValue				76.5%
github.com/gomlx/gomlx/ml/context/context.go:862:				EnumerateVariables				100.0%
github.com/gomlx/gomlx/ml/context/context.go:870:				EnumerateVariablesInScope			85.7%
github.com/gomlx/gomlx/ml/context/context.go:884:				NumVariables					100.0%
github.com/gomlx/gomlx/ml/context/context.go:890:				NumParameters					100.0%
github.com/gomlx/gomlx/ml/context/context.go:904:				Memory						100.0%
github.com/gomlx/gomlx/ml/context/context.go:917:				Loader						100.0%
github.com/gomlx/gomlx/ml/context/context.go:931:				SetLoader					100.0%
github.com/gomlx/gomlx/ml/context/context.go:939:				ExecPopulateGraphParamsMap			83.3%
github.com/gomlx/gomlx/ml/context/context.go:959:				BuildTrainableVariablesGradientsGraph		100.0%
github.com/gomlx/gomlx/ml/context/context.go:979:				IsTraining					100.0%
github.com/gomlx/gomlx/ml/context/context.go:989:				SetTraining					100.0%
github.com/gomlx/gomlx/ml/context/ctxtest/ctxtest.go:40:			RunTestGraphFn					96.7%
github.com/gomlx/gomlx/ml/context/exec.go:182:					NewExecAny					81.0%
github.com/gomlx/gomlx/ml/context/exec.go:257:					buildGraphFn					100.0%
github.com/gomlx/gomlx/ml/context/exec.go:350:					Finalize					100.0%
github.com/gomlx/gomlx/ml/context/exec.go:364:					setSideParams					93.8%
github.com/gomlx/gomlx/ml/context/exec.go:396:					SetNodeLogger					0.0%
github.com/gomlx/gomlx/ml/context/exec.go:401:					GetNodeLogger					0.0%
github.com/gomlx/gomlx/ml/context/exec.go:418:					NewExec						75.0%
github.com/gomlx/gomlx/ml/context/exec.go:429:					InDevice					0.0%
github.com/gomlx/gomlx/ml/context/exec.go:437:					WithName					100.0%
github.com/gomlx/gomlx/ml/context/exec.go:443:					Name						0.0%
github.com/gomlx/gomlx/ml/context/exec.go:450:					SetMaxCache					0.0%
github.com/gomlx/gomlx/ml/context/exec.go:458:					Context						0.0%
github.com/gomlx/gomlx/ml/context/exec.go:468:					SetContext					0.0%
github.com/gomlx/gomlx/ml/context/exec.go:487:					Call						100.0%
github.com/gomlx/gomlx/ml/context/exec.go:501:					CallWithGraph					90.0%
github.com/gomlx/gomlx/ml/context/exec.go:522:					PreCompile					0.0%
github.com/gomlx/gomlx/ml/context/initializers/initializers.go:35:		Zero						100.0%
github.com/gomlx/gomlx/ml/context/initializers/initializers.go:40:		One						100.0%
github.com/gomlx/gomlx/ml/context/initializers/initializers.go:53:		Finalize					0.0%
github.com/gomlx/gomlx/ml/context/initializers/initializers.go:65:		useRngState					92.3%
github.com/gomlx/gomlx/ml/context/initializers/initializers.go:97:		RandomNormalFn					87.5%
github.com/gomlx/gomlx/ml/context/initializers/initializers.go:118:		RandomUniformFn					90.0%
github.com/gomlx/gomlx/ml/context/initializers/initializers.go:155:		GlorotUniformFn					93.3%
github.com/gomlx/gomlx/ml/context/initializers/initializers.go:180:		computeFanInFanOut				71.4%
github.com/gomlx/gomlx/ml/context/initializers/initializers.go:213:		XavierUniformFn					77.8%
github.com/gomlx/gomlx/ml/context/initializers/initializers.go:239:		XavierNormalFn					88.9%
github.com/gomlx/gomlx/ml/context/initializers/initializers.go:261:		HeFn						0.0%
github.com/gomlx/gomlx/ml/context/random.go:13:					getRngStateVar					75.0%
github.com/gomlx/gomlx/ml/context/random.go:34:					RngStateReset					100.0%
github.com/gomlx/gomlx/ml/context/random.go:44:					RngStateFromSeed				100.0%
github.com/gomlx/gomlx/ml/context/random.go:66:					RandomNormal					100.0%
github.com/gomlx/gomlx/ml/context/random.go:83:					RandomUniform					100.0%
github.com/gomlx/gomlx/ml/context/scopedparams.go:54:				newScopedParams					100.0%
github.com/gomlx/gomlx/ml/context/scopedparams.go:61:				Set						100.0%
github.com/gomlx/gomlx/ml/context/scopedparams.go:77:				Get						100.0%
github.com/gomlx/gomlx/ml/context/scopedparams.go:99:				Enumerate					100.0%
github.com/gomlx/gomlx/ml/context/variable.go:70:				Name						100.0%
github.com/gomlx/gomlx/ml/context/variable.go:76:				String						66.7%
github.com/gomlx/gomlx/ml/context/variable.go:84:				AssertValid					50.0%
github.com/gomlx/gomlx/ml/context/variable.go:96:				Reset						0.0%
github.com/gomlx/gomlx/ml/context/variable.go:102:				Scope						100.0%
github.com/gomlx/gomlx/ml/context/variable.go:108:				Shape						66.7%
github.com/gomlx/gomlx/ml/context/variable.go:120:				ParameterName					100.0%
github.com/gomlx/gomlx/ml/context/variable.go:127:				VariableScopeAndNameFromParameterName		0.0%
github.com/gomlx/gomlx/ml/context/variable.go:146:				VariableParameterNameFromScopeAndName		100.0%
github.com/gomlx/gomlx/ml/context/variable.go:159:				Value						100.0%
github.com/gomlx/gomlx/ml/context/variable.go:167:				SetValue					100.0%
github.com/gomlx/gomlx/ml/context/variable.go:176:				SetValuePreservingOld				100.0%
github.com/gomlx/gomlx/ml/context/variable.go:182:				InUseByGraph					100.0%
github.com/gomlx/gomlx/ml/context/variable.go:189:				ChangedInGraph					100.0%
github.com/gomlx/gomlx/ml/context/variable.go:200:				ValueGraph					100.0%
github.com/gomlx/gomlx/ml/context/variable.go:220:				SetValueGraph					100.0%
github.com/gomlx/gomlx/ml/context/variable.go:242:				ParamNode					100.0%
github.com/gomlx/gomlx/ml/context/variable.go:256:				SetTrainable					100.0%
github.com/gomlx/gomlx/ml/data/batch.go:22:					FinalizeAll					75.0%
github.com/gomlx/gomlx/ml/data/batch.go:72:					Batch						100.0%
github.com/gomlx/gomlx/ml/data/batch.go:85:					Name						0.0%
github.com/gomlx/gomlx/ml/data/batch.go:90:					Reset						0.0%
github.com/gomlx/gomlx/ml/data/batch.go:98:					lockedFreeBuffer				100.0%
github.com/gomlx/gomlx/ml/data/batch.go:106:					Yield						91.7%
github.com/gomlx/gomlx/ml/data/batch.go:153:					lockedBatchBuffer				62.5%
github.com/gomlx/gomlx/ml/data/batch.go:222:					lockedBatchTensorsList				92.3%
github.com/gomlx/gomlx/ml/data/batch.go:242:					lockedBatchTensor				87.5%
github.com/gomlx/gomlx/ml/data/batch.go:256:					batchTensorsGraph				100.0%
github.com/gomlx/gomlx/ml/data/batch.go:275:					ReadAhead					0.0%
github.com/gomlx/gomlx/ml/data/data.go:41:					FileExists					83.3%
github.com/gomlx/gomlx/ml/data/data.go:55:					ReplaceTildeInDir				63.2%
github.com/gomlx/gomlx/ml/data/data.go:87:					ValidateChecksum				0.0%
github.com/gomlx/gomlx/ml/data/data.go:115:					ByteCountIEC					87.5%
github.com/gomlx/gomlx/ml/data/data.go:140:					newCopyBytesBar					0.0%
github.com/gomlx/gomlx/ml/data/data.go:163:					Write						0.0%
github.com/gomlx/gomlx/ml/data/data.go:178:					CopyWithProgressBar				0.0%
github.com/gomlx/gomlx/ml/data/data.go:193:					Download					0.0%
github.com/gomlx/gomlx/ml/data/data.go:240:					DownloadIfMissing				0.0%
github.com/gomlx/gomlx/ml/data/data.go:257:					Untar						0.0%
github.com/gomlx/gomlx/ml/data/data.go:278:					DownloadAndUntarIfMissing			43.8%
github.com/gomlx/gomlx/ml/data/data.go:309:					DownloadAndUnzipIfMissing			18.2%
github.com/gomlx/gomlx/ml/data/data.go:328:					Unzip						0.0%
github.com/gomlx/gomlx/ml/data/data.go:342:					ParseGzipCSVFile				0.0%
github.com/gomlx/gomlx/ml/data/data.go:377:					Take						0.0%
github.com/gomlx/gomlx/ml/data/data.go:385:					Name						0.0%
github.com/gomlx/gomlx/ml/data/data.go:390:					Reset						0.0%
github.com/gomlx/gomlx/ml/data/data.go:396:					Yield						0.0%
github.com/gomlx/gomlx/ml/data/freeing.go:28:					Freeing						100.0%
github.com/gomlx/gomlx/ml/data/freeing.go:36:					freePreviousYield				100.0%
github.com/gomlx/gomlx/ml/data/freeing.go:48:					Name						0.0%
github.com/gomlx/gomlx/ml/data/freeing.go:51:					Yield						61.5%
github.com/gomlx/gomlx/ml/data/freeing.go:71:					Reset						0.0%
github.com/gomlx/gomlx/ml/data/hdf5/hdf5.go:48:					ParseFile					0.0%
github.com/gomlx/gomlx/ml/data/hdf5/hdf5.go:153:				DtypeForH5T					0.0%
github.com/gomlx/gomlx/ml/data/hdf5/hdf5.go:168:				execH5Dump					0.0%
github.com/gomlx/gomlx/ml/data/hdf5/hdf5.go:190:				findBinPath					0.0%
github.com/gomlx/gomlx/ml/data/hdf5/hdf5.go:203:				Load						0.0%
github.com/gomlx/gomlx/ml/data/hdf5/hdf5.go:228:				ToTensor					0.0%
github.com/gomlx/gomlx/ml/data/hdf5/hdf5.go:273:				UnpackToTensors					0.0%
github.com/gomlx/gomlx/ml/data/hdf5/hdf5.go:284:				ProgressBar					0.0%
github.com/gomlx/gomlx/ml/data/hdf5/hdf5.go:294:				FilePermissions					0.0%
github.com/gomlx/gomlx/ml/data/hdf5/hdf5.go:306:				KeepTemporary					0.0%
github.com/gomlx/gomlx/ml/data/hdf5/hdf5.go:318:				Done						0.0%
github.com/gomlx/gomlx/ml/data/inmemory.go:113:					InMemory					80.0%
github.com/gomlx/gomlx/ml/data/inmemory.go:139:					InMemoryFromData				58.3%
github.com/gomlx/gomlx/ml/data/inmemory.go:186:					isEqualButBatchDimension			50.0%
github.com/gomlx/gomlx/ml/data/inmemory.go:200:					readDataset					84.6%
github.com/gomlx/gomlx/ml/data/inmemory.go:357:					Memory						100.0%
github.com/gomlx/gomlx/ml/data/inmemory.go:366:					NumExamples					0.0%
github.com/gomlx/gomlx/ml/data/inmemory.go:373:					Copy						100.0%
github.com/gomlx/gomlx/ml/data/inmemory.go:388:					Name						100.0%
github.com/gomlx/gomlx/ml/data/inmemory.go:393:					SetName						0.0%
github.com/gomlx/gomlx/ml/data/inmemory.go:399:					Reset						100.0%
github.com/gomlx/gomlx/ml/data/inmemory.go:411:					indicesNextYield				95.5%
github.com/gomlx/gomlx/ml/data/inmemory.go:448:					gatherFromDataTensorsGraph			100.0%
github.com/gomlx/gomlx/ml/data/inmemory.go:461:					Yield						68.4%
github.com/gomlx/gomlx/ml/data/inmemory.go:526:					RandomWithReplacement				100.0%
github.com/gomlx/gomlx/ml/data/inmemory.go:540:					Shuffle						100.0%
github.com/gomlx/gomlx/ml/data/inmemory.go:549:					shuffleLocked					100.0%
github.com/gomlx/gomlx/ml/data/inmemory.go:571:					BatchSize					100.0%
github.com/gomlx/gomlx/ml/data/inmemory.go:586:					WithRand					0.0%
github.com/gomlx/gomlx/ml/data/inmemory.go:600:					WithSpec					0.0%
github.com/gomlx/gomlx/ml/data/inmemory.go:611:					Infinite					100.0%
github.com/gomlx/gomlx/ml/data/inmemory.go:621:					TakeN						0.0%
github.com/gomlx/gomlx/ml/data/inmemory.go:637:					FinalizeAll					0.0%
github.com/gomlx/gomlx/ml/data/inmemory.go:648:					GobSerialize					76.2%
github.com/gomlx/gomlx/ml/data/inmemory.go:689:					GobDeserializeInMemory				84.6%
github.com/gomlx/gomlx/ml/data/inmemory.go:731:					maxN						0.0%
github.com/gomlx/gomlx/ml/data/inmemory.go:738:					minN						100.0%
github.com/gomlx/gomlx/ml/data/map.go:36:					MapWithGraphFn					100.0%
github.com/gomlx/gomlx/ml/data/map.go:50:					Reset						0.0%
github.com/gomlx/gomlx/ml/data/map.go:56:					Name						0.0%
github.com/gomlx/gomlx/ml/data/map.go:61:					Yield						89.7%
github.com/gomlx/gomlx/ml/data/map.go:122:					Map						100.0%
github.com/gomlx/gomlx/ml/data/map.go:130:					Name						100.0%
github.com/gomlx/gomlx/ml/data/map.go:133:					Yield						100.0%
github.com/gomlx/gomlx/ml/data/map.go:143:					Reset						100.0%
github.com/gomlx/gomlx/ml/data/normalization.go:42:				Normalization					85.0%
github.com/gomlx/gomlx/ml/data/normalization.go:138:				ReplaceZerosByOnes				100.0%
github.com/gomlx/gomlx/ml/data/parallel.go:75:					Parallel					100.0%
github.com/gomlx/gomlx/ml/data/parallel.go:97:					CustomParallel					100.0%
github.com/gomlx/gomlx/ml/data/parallel.go:115:					Parallelism					71.4%
github.com/gomlx/gomlx/ml/data/parallel.go:131:					WithName					0.0%
github.com/gomlx/gomlx/ml/data/parallel.go:143:					Buffer						60.0%
github.com/gomlx/gomlx/ml/data/parallel.go:158:					Start						81.8%
github.com/gomlx/gomlx/ml/data/parallel.go:183:					startGoRoutines					75.7%
github.com/gomlx/gomlx/ml/data/parallel.go:249:					Name						100.0%
github.com/gomlx/gomlx/ml/data/parallel.go:254:					Done						100.0%
github.com/gomlx/gomlx/ml/data/parallel.go:264:					Reset						78.6%
github.com/gomlx/gomlx/ml/data/parallel.go:299:					Yield						62.5%
github.com/gomlx/gomlx/ml/layers/activations/activations.go:49:			ApplyFromContext				100.0%
github.com/gomlx/gomlx/ml/layers/activations/activations.go:58:			Apply						50.0%
github.com/gomlx/gomlx/ml/layers/activations/activations.go:84:			FromName					83.3%
github.com/gomlx/gomlx/ml/layers/activations/activations.go:96:			Relu						100.0%
github.com/gomlx/gomlx/ml/layers/activations/activations.go:104:		LeakyRelu					0.0%
github.com/gomlx/gomlx/ml/layers/activations/activations.go:111:		LeakyReluWithAlpha				100.0%
github.com/gomlx/gomlx/ml/layers/activations/activations.go:130:		Swish						100.0%
github.com/gomlx/gomlx/ml/layers/activations/activations.go:145:		Selu						100.0%
github.com/gomlx/gomlx/ml/layers/activations/type_enumer.go:17:			String						0.0%
github.com/gomlx/gomlx/ml/layers/activations/type_enumer.go:24:			Values						0.0%
github.com/gomlx/gomlx/ml/layers/activations/type_enumer.go:30:			_TypeNoOp					0.0%
github.com/gomlx/gomlx/ml/layers/activations/type_enumer.go:76:			TypeString					40.0%
github.com/gomlx/gomlx/ml/layers/activations/type_enumer.go:88:			TypeValues					0.0%
github.com/gomlx/gomlx/ml/layers/activations/type_enumer.go:93:			TypeStrings					0.0%
github.com/gomlx/gomlx/ml/layers/activations/type_enumer.go:100:		IsAType						0.0%
github.com/gomlx/gomlx/ml/layers/activations/type_enumer.go:110:		MarshalJSON					0.0%
github.com/gomlx/gomlx/ml/layers/activations/type_enumer.go:115:		UnmarshalJSON					0.0%
github.com/gomlx/gomlx/ml/layers/activations/type_enumer.go:127:		MarshalText					0.0%
github.com/gomlx/gomlx/ml/layers/activations/type_enumer.go:132:		UnmarshalText					0.0%
github.com/gomlx/gomlx/ml/layers/activations/type_enumer.go:139:		MarshalYAML					0.0%
github.com/gomlx/gomlx/ml/layers/activations/type_enumer.go:144:		UnmarshalYAML					0.0%
github.com/gomlx/gomlx/ml/layers/batchnorm/batchnorm.go:88:			New						100.0%
github.com/gomlx/gomlx/ml/layers/batchnorm/batchnorm.go:111:			Momentum					0.0%
github.com/gomlx/gomlx/ml/layers/batchnorm/batchnorm.go:120:			Epsilon						100.0%
github.com/gomlx/gomlx/ml/layers/batchnorm/batchnorm.go:129:			Center						0.0%
github.com/gomlx/gomlx/ml/layers/batchnorm/batchnorm.go:137:			Scale						100.0%
github.com/gomlx/gomlx/ml/layers/batchnorm/batchnorm.go:145:			CurrentScope					100.0%
github.com/gomlx/gomlx/ml/layers/batchnorm/batchnorm.go:157:			Trainable					100.0%
github.com/gomlx/gomlx/ml/layers/batchnorm/batchnorm.go:167:			FrozenAverages					100.0%
github.com/gomlx/gomlx/ml/layers/batchnorm/batchnorm.go:177:			UseBackendInference				0.0%
github.com/gomlx/gomlx/ml/layers/batchnorm/batchnorm.go:183:			Done						49.1%
github.com/gomlx/gomlx/ml/layers/batchnorm/batchnorm.go:287:			batchMeanAndVariance				0.0%
github.com/gomlx/gomlx/ml/layers/batchnorm/batchnorm.go:304:			directBatchNormGraph				0.0%
github.com/gomlx/gomlx/ml/layers/batchnorm/batchnorm.go:336:			updateMeanAndVariance				0.0%
github.com/gomlx/gomlx/ml/layers/batchnorm/batchnorm.go:367:			ResetWeights					0.0%
github.com/gomlx/gomlx/ml/layers/batchnorm/batchnorm.go:397:			UpdateAverages					50.0%
github.com/gomlx/gomlx/ml/layers/bsplines/bsplines.go:46:			Evaluate					77.8%
github.com/gomlx/gomlx/ml/layers/bsplines/bsplines.go:117:			Eval						100.0%
github.com/gomlx/gomlx/ml/layers/bsplines/bsplines.go:141:			basisFunction					100.0%
github.com/gomlx/gomlx/ml/layers/bsplines/bsplines.go:182:			last						100.0%
github.com/gomlx/gomlx/ml/layers/bsplines/bsplines.go:188:			Extrapolate					97.4%
github.com/gomlx/gomlx/ml/layers/convolution.go:63:				Convolution					80.0%
github.com/gomlx/gomlx/ml/layers/convolution.go:81:				Filters						75.0%
github.com/gomlx/gomlx/ml/layers/convolution.go:93:				KernelSize					100.0%
github.com/gomlx/gomlx/ml/layers/convolution.go:102:				KernelSizePerDim				60.0%
github.com/gomlx/gomlx/ml/layers/convolution.go:113:				UseBias						100.0%
github.com/gomlx/gomlx/ml/layers/convolution.go:124:				ChannelsAxis					100.0%
github.com/gomlx/gomlx/ml/layers/convolution.go:133:				PadSame						100.0%
github.com/gomlx/gomlx/ml/layers/convolution.go:142:				NoPadding					100.0%
github.com/gomlx/gomlx/ml/layers/convolution.go:155:				Strides						100.0%
github.com/gomlx/gomlx/ml/layers/convolution.go:168:				StridePerDim					60.0%
github.com/gomlx/gomlx/ml/layers/convolution.go:187:				Dilations					0.0%
github.com/gomlx/gomlx/ml/layers/convolution.go:201:				DilationPerDim					0.0%
github.com/gomlx/gomlx/ml/layers/convolution.go:215:				CurrentScope					100.0%
github.com/gomlx/gomlx/ml/layers/convolution.go:226:				Regularizer					0.0%
github.com/gomlx/gomlx/ml/layers/convolution.go:234:				Done						76.8%
github.com/gomlx/gomlx/ml/layers/fnn/fnn.go:100:				New						76.9%
github.com/gomlx/gomlx/ml/layers/fnn/fnn.go:143:				NumHiddenLayers					80.0%
github.com/gomlx/gomlx/ml/layers/fnn/fnn.go:155:				UseBias						0.0%
github.com/gomlx/gomlx/ml/layers/fnn/fnn.go:165:				Activation					100.0%
github.com/gomlx/gomlx/ml/layers/fnn/fnn.go:174:				Residual					100.0%
github.com/gomlx/gomlx/ml/layers/fnn/fnn.go:184:				Normalization					80.0%
github.com/gomlx/gomlx/ml/layers/fnn/fnn.go:200:				Regularizer					100.0%
github.com/gomlx/gomlx/ml/layers/fnn/fnn.go:212:				Dropout						0.0%
github.com/gomlx/gomlx/ml/layers/fnn/fnn.go:222:				Done						92.0%
github.com/gomlx/gomlx/ml/layers/kan/discrete.go:54:				Discrete					0.0%
github.com/gomlx/gomlx/ml/layers/kan/discrete.go:67:				DiscreteSoftness				0.0%
github.com/gomlx/gomlx/ml/layers/kan/discrete.go:73:				discreteLayer					0.0%
github.com/gomlx/gomlx/ml/layers/kan/discrete.go:156:				PiecewiseConstantFunction			81.2%
github.com/gomlx/gomlx/ml/layers/kan/discrete.go:225:				PiecewiseConstantFunctionWithInputPerturbation	0.0%
github.com/gomlx/gomlx/ml/layers/kan/discrete.go:293:				triangleDistributionCDF				0.0%
github.com/gomlx/gomlx/ml/layers/kan/kan.go:89:					New						83.3%
github.com/gomlx/gomlx/ml/layers/kan/kan.go:133:				NumHiddenLayers					80.0%
github.com/gomlx/gomlx/ml/layers/kan/kan.go:147:				Activation					0.0%
github.com/gomlx/gomlx/ml/layers/kan/kan.go:160:				Regularizer					0.0%
github.com/gomlx/gomlx/ml/layers/kan/kan.go:170:				BSpline						100.0%
github.com/gomlx/gomlx/ml/layers/kan/kan.go:180:				WithBSplineMagnitudeRegularizer			0.0%
github.com/gomlx/gomlx/ml/layers/kan/kan.go:186:				Done						66.7%
github.com/gomlx/gomlx/ml/layers/kan/kan.go:224:				bsplineLayer					94.6%
github.com/gomlx/gomlx/ml/layers/layernorm.go:99:				LayerNormalization				83.3%
github.com/gomlx/gomlx/ml/layers/layernorm.go:129:				Epsilon						100.0%
github.com/gomlx/gomlx/ml/layers/layernorm.go:139:				LearnedOffset					100.0%
github.com/gomlx/gomlx/ml/layers/layernorm.go:149:				LearnedGain					100.0%
github.com/gomlx/gomlx/ml/layers/layernorm.go:157:				ScaleNormalization				100.0%
github.com/gomlx/gomlx/ml/layers/layernorm.go:164:				Mask						100.0%
github.com/gomlx/gomlx/ml/layers/layernorm.go:170:				Done						97.6%
github.com/gomlx/gomlx/ml/layers/layers.go:64:					DenseWithBias					100.0%
github.com/gomlx/gomlx/ml/layers/layers.go:77:					Dense						95.2%
github.com/gomlx/gomlx/ml/layers/layers.go:150:					Embedding					85.7%
github.com/gomlx/gomlx/ml/layers/layers.go:170:					AssertQuantilesForPWLCalibrationValid		71.4%
github.com/gomlx/gomlx/ml/layers/layers.go:201:					PieceWiseLinearCalibration			91.1%
github.com/gomlx/gomlx/ml/layers/layers.go:280:					PieceWiseLinearCalibrationCascaded		87.9%
github.com/gomlx/gomlx/ml/layers/layers.go:342:					Dropout						100.0%
github.com/gomlx/gomlx/ml/layers/layers.go:348:					DropoutStatic					50.0%
github.com/gomlx/gomlx/ml/layers/layers.go:359:					DropoutNormalize				100.0%
github.com/gomlx/gomlx/ml/layers/layers.go:383:					DropoutFromContext				100.0%
github.com/gomlx/gomlx/ml/layers/layers.go:397:					AddL2RegularizationStatic			0.0%
github.com/gomlx/gomlx/ml/layers/layers.go:411:					AddL2Regularization				0.0%
github.com/gomlx/gomlx/ml/layers/layers.go:433:					Normalize					0.0%
github.com/gomlx/gomlx/ml/layers/multiheadattention.go:81:			MultiHeadAttention				76.2%
github.com/gomlx/gomlx/ml/layers/multiheadattention.go:133:			SetKeyQueryDim					0.0%
github.com/gomlx/gomlx/ml/layers/multiheadattention.go:140:			SetValueHeadDim					0.0%
github.com/gomlx/gomlx/ml/layers/multiheadattention.go:148:			SetOutputDim					100.0%
github.com/gomlx/gomlx/ml/layers/multiheadattention.go:163:			SetKeyMask					0.0%
github.com/gomlx/gomlx/ml/layers/multiheadattention.go:187:			SetQueryMask					0.0%
github.com/gomlx/gomlx/ml/layers/multiheadattention.go:211:			SetQueryKeyMatrixMask				0.0%
github.com/gomlx/gomlx/ml/layers/multiheadattention.go:243:			UseCausalMask					75.0%
github.com/gomlx/gomlx/ml/layers/multiheadattention.go:261:			UseProjectionBias				0.0%
github.com/gomlx/gomlx/ml/layers/multiheadattention.go:268:			Dropout						0.0%
github.com/gomlx/gomlx/ml/layers/multiheadattention.go:278:			nextNAxes					100.0%
github.com/gomlx/gomlx/ml/layers/multiheadattention.go:295:			DoneWithCoefficients				97.0%
github.com/gomlx/gomlx/ml/layers/multiheadattention.go:375:			Done						0.0%
github.com/gomlx/gomlx/ml/layers/multiheadattention.go:382:			buildAttentionShape				100.0%
github.com/gomlx/gomlx/ml/layers/multiheadattention.go:397:			buildMask					70.0%
github.com/gomlx/gomlx/ml/layers/multiheadattention.go:419:			buildMaskFromSplitMasks				0.0%
github.com/gomlx/gomlx/ml/layers/multiheadattention.go:447:			buildCausalMask					100.0%
github.com/gomlx/gomlx/ml/layers/normalizers.go:96:				MustNormalizeByName				75.0%
github.com/gomlx/gomlx/ml/layers/normalizers.go:108:				NormalizeFromContext				0.0%
github.com/gomlx/gomlx/ml/layers/normalizers.go:117:				MaskedNormalizeFromContext			44.4%
github.com/gomlx/gomlx/ml/layers/regularizers/regularizers.go:40:		L2						76.9%
github.com/gomlx/gomlx/ml/layers/regularizers/regularizers.go:66:		L1						85.7%
github.com/gomlx/gomlx/ml/layers/regularizers/regularizers.go:106:		Combine						100.0%
github.com/gomlx/gomlx/ml/layers/regularizers/regularizers.go:128:		FromContext					100.0%
github.com/gomlx/gomlx/ml/train/batchnorm.go:25:				BatchNormalizationAveragesUpdate		0.0%
github.com/gomlx/gomlx/ml/train/batchnorm.go:51:				batchNormAveragesStep				0.0%
github.com/gomlx/gomlx/ml/train/batchnorm.go:62:				batchNormsAverageStepGraphFn			0.0%
github.com/gomlx/gomlx/ml/train/commandline/commandline.go:27:			ReportEval					100.0%
github.com/gomlx/gomlx/ml/train/commandline/contextsettings.go:42:		ParseContextSettings				68.1%
github.com/gomlx/gomlx/ml/train/commandline/contextsettings.go:165:		CreateContextSettingsFlag			91.7%
github.com/gomlx/gomlx/ml/train/commandline/contextsettings.go:189:		SprintContextSettings				85.7%
github.com/gomlx/gomlx/ml/train/commandline/progressbar.go:40:			Write						100.0%
github.com/gomlx/gomlx/ml/train/commandline/progressbar.go:49:			onStart						87.5%
github.com/gomlx/gomlx/ml/train/commandline/progressbar.go:76:			onStep						63.6%
github.com/gomlx/gomlx/ml/train/commandline/progressbar.go:120:			onEnd						100.0%
github.com/gomlx/gomlx/ml/train/commandline/progressbar.go:148:			AttachProgressBar				100.0%
github.com/gomlx/gomlx/ml/train/loop.go:93:					NewLoop						100.0%
github.com/gomlx/gomlx/ml/train/loop.go:107:					start						71.4%
github.com/gomlx/gomlx/ml/train/loop.go:123:					step						66.7%
github.com/gomlx/gomlx/ml/train/loop.go:164:					end						71.4%
github.com/gomlx/gomlx/ml/train/loop.go:181:					RunSteps					65.2%
github.com/gomlx/gomlx/ml/train/loop.go:225:					RunEpochs					0.0%
github.com/gomlx/gomlx/ml/train/loop.go:272:					MedianTrainStepDuration				80.0%
github.com/gomlx/gomlx/ml/train/loop.go:284:					OnStart						100.0%
github.com/gomlx/gomlx/ml/train/loop.go:293:					OnStep						100.0%
github.com/gomlx/gomlx/ml/train/loop.go:302:					OnEnd						100.0%
github.com/gomlx/gomlx/ml/train/loop.go:320:					newPriorityHooks				100.0%
github.com/gomlx/gomlx/ml/train/loop.go:327:					Add						100.0%
github.com/gomlx/gomlx/ml/train/loop.go:334:					Enumerate					100.0%
github.com/gomlx/gomlx/ml/train/loop_callbacks.go:15:				onStep						81.8%
github.com/gomlx/gomlx/ml/train/loop_callbacks.go:35:				onEnd						100.0%
github.com/gomlx/gomlx/ml/train/loop_callbacks.go:46:				NTimesDuringLoop				100.0%
github.com/gomlx/gomlx/ml/train/loop_callbacks.go:61:				onStep						0.0%
github.com/gomlx/gomlx/ml/train/loop_callbacks.go:72:				EveryNSteps					0.0%
github.com/gomlx/gomlx/ml/train/loop_callbacks.go:85:				onStep						100.0%
github.com/gomlx/gomlx/ml/train/loop_callbacks.go:108:				PeriodicCallback				66.7%
github.com/gomlx/gomlx/ml/train/loop_callbacks.go:129:				ExponentialCallback				100.0%
github.com/gomlx/gomlx/ml/train/loop_callbacks.go:150:				bump						100.0%
github.com/gomlx/gomlx/ml/train/loop_callbacks.go:155:				findNextStepToCall				100.0%
github.com/gomlx/gomlx/ml/train/loop_callbacks.go:162:				onStep						66.7%
github.com/gomlx/gomlx/ml/train/losses/losses.go:49:				epsilonForDType					57.1%
github.com/gomlx/gomlx/ml/train/losses/losses.go:72:				MeanSquaredError				92.3%
github.com/gomlx/gomlx/ml/train/losses/losses.go:102:				CheckLabelsForWeightsAndMask			90.0%
github.com/gomlx/gomlx/ml/train/losses/losses.go:130:				MeanAbsoluteError				91.7%
github.com/gomlx/gomlx/ml/train/losses/losses.go:164:				BinaryCrossentropy				72.7%
github.com/gomlx/gomlx/ml/train/losses/losses.go:203:				BinaryCrossentropyLogits			81.2%
github.com/gomlx/gomlx/ml/train/losses/losses.go:236:				SparseCategoricalCrossEntropyLogits		82.4%
github.com/gomlx/gomlx/ml/train/losses/losses.go:274:				CategoricalCrossEntropyLogits			0.0%
github.com/gomlx/gomlx/ml/train/losses/losses.go:283:				categoricalCrossEntropyLogitsImpl		87.5%
github.com/gomlx/gomlx/ml/train/losses/losses.go:319:				CategoricalCrossEntropy				100.0%
github.com/gomlx/gomlx/ml/train/losses/losses.go:326:				categoricalCrossEntropyImpl			92.3%
github.com/gomlx/gomlx/ml/train/losses/losses.go:368:				MakeHuberLoss					80.0%
github.com/gomlx/gomlx/ml/train/metrics/metrics.go:94:				Name						100.0%
github.com/gomlx/gomlx/ml/train/metrics/metrics.go:98:				ShortName					100.0%
github.com/gomlx/gomlx/ml/train/metrics/metrics.go:102:				MetricType					100.0%
github.com/gomlx/gomlx/ml/train/metrics/metrics.go:106:				ScopeName					100.0%
github.com/gomlx/gomlx/ml/train/metrics/metrics.go:113:				UpdateGraph					75.0%
github.com/gomlx/gomlx/ml/train/metrics/metrics.go:121:				PrettyPrint					80.0%
github.com/gomlx/gomlx/ml/train/metrics/metrics.go:137:				Reset						0.0%
github.com/gomlx/gomlx/ml/train/metrics/metrics.go:142:				NewBaseMetric					100.0%
github.com/gomlx/gomlx/ml/train/metrics/metrics.go:156:				NewMeanMetric					100.0%
github.com/gomlx/gomlx/ml/train/metrics/metrics.go:162:				BatchSize					83.3%
github.com/gomlx/gomlx/ml/train/metrics/metrics.go:176:				upPrecision					66.7%
github.com/gomlx/gomlx/ml/train/metrics/metrics.go:183:				UpdateGraph					85.2%
github.com/gomlx/gomlx/ml/train/metrics/metrics.go:225:				Reset						88.9%
github.com/gomlx/gomlx/ml/train/metrics/metrics.go:258:				NewExponentialMovingAverageMetric		100.0%
github.com/gomlx/gomlx/ml/train/metrics/metrics.go:265:				UpdateGraph					87.5%
github.com/gomlx/gomlx/ml/train/metrics/metrics.go:304:				BinaryAccuracyGraph				83.3%
github.com/gomlx/gomlx/ml/train/metrics/metrics.go:324:				accuracyPPrint					100.0%
github.com/gomlx/gomlx/ml/train/metrics/metrics.go:329:				NewMeanBinaryAccuracy				100.0%
github.com/gomlx/gomlx/ml/train/metrics/metrics.go:335:				NewMovingAverageBinaryAccuracy			0.0%
github.com/gomlx/gomlx/ml/train/metrics/metrics.go:347:				BinaryLogitsAccuracyGraph			82.4%
github.com/gomlx/gomlx/ml/train/metrics/metrics.go:379:				NewMeanBinaryLogitsAccuracy			100.0%
github.com/gomlx/gomlx/ml/train/metrics/metrics.go:385:				NewMovingAverageBinaryLogitsAccuracy		100.0%
github.com/gomlx/gomlx/ml/train/metrics/metrics.go:395:				SparseCategoricalAccuracyGraph			86.7%
github.com/gomlx/gomlx/ml/train/metrics/metrics.go:448:				NewSparseCategoricalAccuracy			100.0%
github.com/gomlx/gomlx/ml/train/metrics/metrics.go:457:				NewMovingAverageSparseCategoricalAccuracy	100.0%
github.com/gomlx/gomlx/ml/train/optimizers/adam.go:60:				Adam						100.0%
github.com/gomlx/gomlx/ml/train/optimizers/adam.go:87:				FromContext					55.6%
github.com/gomlx/gomlx/ml/train/optimizers/adam.go:106:				Scope						0.0%
github.com/gomlx/gomlx/ml/train/optimizers/adam.go:117:				DType						0.0%
github.com/gomlx/gomlx/ml/train/optimizers/adam.go:125:				LearningRate					100.0%
github.com/gomlx/gomlx/ml/train/optimizers/adam.go:131:				Betas						0.0%
github.com/gomlx/gomlx/ml/train/optimizers/adam.go:138:				Epsilon						100.0%
github.com/gomlx/gomlx/ml/train/optimizers/adam.go:145:				Adamax						0.0%
github.com/gomlx/gomlx/ml/train/optimizers/adam.go:156:				WeightDecay					100.0%
github.com/gomlx/gomlx/ml/train/optimizers/adam.go:173:				Done						100.0%
github.com/gomlx/gomlx/ml/train/optimizers/adam.go:184:				UpdateGraph					87.1%
github.com/gomlx/gomlx/ml/train/optimizers/adam.go:237:				applyAdamGraph					74.2%
github.com/gomlx/gomlx/ml/train/optimizers/adam.go:306:				getMomentVariables				100.0%
github.com/gomlx/gomlx/ml/train/optimizers/adam.go:322:				Clear						0.0%
github.com/gomlx/gomlx/ml/train/optimizers/optimizers.go:84:			FromContext					100.0%
github.com/gomlx/gomlx/ml/train/optimizers/optimizers.go:110:			ByName						75.0%
github.com/gomlx/gomlx/ml/train/optimizers/optimizers.go:121:			GetGlobalStepVar				100.0%
github.com/gomlx/gomlx/ml/train/optimizers/optimizers.go:127:			GetGlobalStep					80.0%
github.com/gomlx/gomlx/ml/train/optimizers/optimizers.go:137:			DeleteGlobalStep				0.0%
github.com/gomlx/gomlx/ml/train/optimizers/optimizers.go:150:			IncrementGlobalStepGraph			100.0%
github.com/gomlx/gomlx/ml/train/optimizers/optimizers.go:182:			LearningRateVar					100.0%
github.com/gomlx/gomlx/ml/train/optimizers/optimizers.go:188:			LearningRateVarWithValue			100.0%
github.com/gomlx/gomlx/ml/train/optimizers/optimizers.go:194:			ClipStepByValue					0.0%
github.com/gomlx/gomlx/ml/train/optimizers/optimizers.go:213:			StochasticGradientDescent			0.0%
github.com/gomlx/gomlx/ml/train/optimizers/optimizers.go:219:			UpdateGraph					0.0%
github.com/gomlx/gomlx/ml/train/optimizers/optimizers.go:235:			Clear						0.0%
github.com/gomlx/gomlx/ml/train/optimizers/optimizers.go:239:			addGradientsToVariablesGraph			0.0%
github.com/gomlx/gomlx/ml/train/optimizers/schedules.go:81:			CosineAnnealingSchedule				100.0%
github.com/gomlx/gomlx/ml/train/optimizers/schedules.go:91:			FromContext					100.0%
github.com/gomlx/gomlx/ml/train/optimizers/schedules.go:107:			PeriodInSteps					100.0%
github.com/gomlx/gomlx/ml/train/optimizers/schedules.go:113:			MinLearningRate					100.0%
github.com/gomlx/gomlx/ml/train/optimizers/schedules.go:121:			LearningRate					100.0%
github.com/gomlx/gomlx/ml/train/optimizers/schedules.go:132:			Done						77.3%
github.com/gomlx/gomlx/ml/train/trainer.go:150:					NewTrainer					96.0%
github.com/gomlx/gomlx/ml/train/trainer.go:208:					enumerateExecs					0.0%
github.com/gomlx/gomlx/ml/train/trainer.go:224:					InDevice					0.0%
github.com/gomlx/gomlx/ml/train/trainer.go:233:					Context						100.0%
github.com/gomlx/gomlx/ml/train/trainer.go:243:					SetContext					0.0%
github.com/gomlx/gomlx/ml/train/trainer.go:253:					TrainMetrics					100.0%
github.com/gomlx/gomlx/ml/train/trainer.go:257:					EvalMetrics					100.0%
github.com/gomlx/gomlx/ml/train/trainer.go:261:					createExecutor					84.6%
github.com/gomlx/gomlx/ml/train/trainer.go:289:					lossFnScalarLoss				100.0%
github.com/gomlx/gomlx/ml/train/trainer.go:301:					trainStepGraph					84.2%
github.com/gomlx/gomlx/ml/train/trainer.go:343:					callGraphFn					78.1%
github.com/gomlx/gomlx/ml/train/trainer.go:404:					metricsUpdatesGraph				100.0%
github.com/gomlx/gomlx/ml/train/trainer.go:432:					TrainStep					100.0%
github.com/gomlx/gomlx/ml/train/trainer.go:439:					evalStepGraph					100.0%
github.com/gomlx/gomlx/ml/train/trainer.go:458:					ResetTrainMetrics				83.3%
github.com/gomlx/gomlx/ml/train/trainer.go:475:					EvalStep					100.0%
github.com/gomlx/gomlx/ml/train/trainer.go:480:					resetEvalMetrics				80.0%
github.com/gomlx/gomlx/ml/train/trainer.go:492:					Eval						87.5%
github.com/gomlx/gomlx/ml/train/trainer.go:518:					Metrics						0.0%
github.com/gomlx/gomlx/ml/train/trainer.go:530:					OnExecCreation					0.0%
github.com/gomlx/gomlx/ml/train/trainer.go:542:					AddLoss						87.5%
github.com/gomlx/gomlx/ml/train/trainer.go:560:					GetLosses					100.0%
github.com/gomlx/gomlx/ml/train/trainer.go:581:					AddPerStepUpdateGraphFn				100.0%
github.com/gomlx/gomlx/models/inceptionv3/download.go:29:			DownloadAndUnpackWeights			100.0%
github.com/gomlx/gomlx/models/inceptionv3/download.go:33:			downloadAndUnpackWeightsImpl			36.4%
github.com/gomlx/gomlx/models/inceptionv3/download.go:53:			PathToTensor					0.0%
github.com/gomlx/gomlx/models/inceptionv3/kid.go:37:				KidMetric					0.0%
github.com/gomlx/gomlx/models/inceptionv3/kid.go:71:				NewKidBuilder					100.0%
github.com/gomlx/gomlx/models/inceptionv3/kid.go:84:				BuildGraph					92.5%
github.com/gomlx/gomlx/models/inceptionv3/kid.go:156:				polynomialKernel				100.0%
github.com/gomlx/gomlx/models/inceptionv3/model.go:125:				BuildGraph					100.0%
github.com/gomlx/gomlx/models/inceptionv3/model.go:169:				PreTrained					100.0%
github.com/gomlx/gomlx/models/inceptionv3/model.go:184:				Trainable					100.0%
github.com/gomlx/gomlx/models/inceptionv3/model.go:195:				ChannelsAxis					100.0%
github.com/gomlx/gomlx/models/inceptionv3/model.go:213:				ClassificationTop				100.0%
github.com/gomlx/gomlx/models/inceptionv3/model.go:234:				BatchNormScale					0.0%
github.com/gomlx/gomlx/models/inceptionv3/model.go:248:				SetPooling					100.0%
github.com/gomlx/gomlx/models/inceptionv3/model.go:254:				Done						88.1%
github.com/gomlx/gomlx/models/inceptionv3/model.go:473:				conv2DWithBatchNorm				100.0%
github.com/gomlx/gomlx/models/inceptionv3/model.go:509:				loadTensorToVariable				77.8%
github.com/gomlx/gomlx/models/inceptionv3/model.go:531:				readNextConv2D					100.0%
github.com/gomlx/gomlx/models/inceptionv3/model.go:554:				readPredictionsWeights				0.0%
github.com/gomlx/gomlx/models/inceptionv3/model.go:567:				readNextBatchNormalization			100.0%
github.com/gomlx/gomlx/models/inceptionv3/pooling_string.go:7:			_						0.0%
github.com/gomlx/gomlx/models/inceptionv3/pooling_string.go:20:			String						0.0%
github.com/gomlx/gomlx/models/inceptionv3/preproc.go:24:			PreprocessImage					48.3%
github.com/gomlx/gomlx/types/shapes/asserts.go:40:				CheckDims					100.0%
github.com/gomlx/gomlx/types/shapes/asserts.go:56:				Check						66.7%
github.com/gomlx/gomlx/types/shapes/asserts.go:69:				AssertDims					0.0%
github.com/gomlx/gomlx/types/shapes/asserts.go:80:				Assert						0.0%
github.com/gomlx/gomlx/types/shapes/asserts.go:91:				CheckDims					100.0%
github.com/gomlx/gomlx/types/shapes/asserts.go:101:				AssertDims					0.0%
github.com/gomlx/gomlx/types/shapes/asserts.go:109:				Assert						0.0%
github.com/gomlx/gomlx/types/shapes/asserts.go:116:				CheckRank					100.0%
github.com/gomlx/gomlx/types/shapes/asserts.go:128:				AssertRank					0.0%
github.com/gomlx/gomlx/types/shapes/asserts.go:138:				CheckRank					100.0%
github.com/gomlx/gomlx/types/shapes/asserts.go:147:				AssertRank					0.0%
github.com/gomlx/gomlx/types/shapes/asserts.go:154:				CheckScalar					100.0%
github.com/gomlx/gomlx/types/shapes/asserts.go:166:				AssertScalar					0.0%
github.com/gomlx/gomlx/types/shapes/asserts.go:176:				CheckScalar					100.0%
github.com/gomlx/gomlx/types/shapes/asserts.go:185:				AssertScalar					0.0%
github.com/gomlx/gomlx/types/shapes/dtype.go:34:				ConvertTo					27.3%
github.com/gomlx/gomlx/types/shapes/dtype.go:81:				UnsafeSliceForDType				0.0%
github.com/gomlx/gomlx/types/shapes/dtype.go:133:				CastAsDType					100.0%
github.com/gomlx/gomlx/types/shapes/dtype.go:170:				typeForSliceDType				100.0%
github.com/gomlx/gomlx/types/shapes/shape.go:95:				Make						80.0%
github.com/gomlx/gomlx/types/shapes/shape.go:106:				Scalar						100.0%
github.com/gomlx/gomlx/types/shapes/shape.go:113:				Invalid						100.0%
github.com/gomlx/gomlx/types/shapes/shape.go:118:				Ok						100.0%
github.com/gomlx/gomlx/types/shapes/shape.go:121:				Rank						100.0%
github.com/gomlx/gomlx/types/shapes/shape.go:124:				IsScalar					100.0%
github.com/gomlx/gomlx/types/shapes/shape.go:127:				Shape						100.0%
github.com/gomlx/gomlx/types/shapes/shape.go:130:				String						50.0%
github.com/gomlx/gomlx/types/shapes/shape.go:145:				Size						100.0%
github.com/gomlx/gomlx/types/shapes/shape.go:155:				Memory						100.0%
github.com/gomlx/gomlx/types/shapes/shape.go:160:				MakeTuple					0.0%
github.com/gomlx/gomlx/types/shapes/shape.go:165:				IsTuple						100.0%
github.com/gomlx/gomlx/types/shapes/shape.go:170:				TupleSize					100.0%
github.com/gomlx/gomlx/types/shapes/shape.go:175:				Equal						57.1%
github.com/gomlx/gomlx/types/shapes/shape.go:201:				EqualDimensions					28.6%
github.com/gomlx/gomlx/types/shapes/shape.go:227:				Clone						57.1%
github.com/gomlx/gomlx/types/shapes/shape.go:240:				GobSerialize					62.5%
github.com/gomlx/gomlx/types/shapes/shape.go:266:				GobDeserialize					66.7%
github.com/gomlx/gomlx/types/shapes/shape.go:296:				ConcatenateDimensions				33.3%
github.com/gomlx/gomlx/types/tensors/images/channelsaxisconfig_string.go:7:	_						0.0%
github.com/gomlx/gomlx/types/tensors/images/channelsaxisconfig_string.go:19:	String						0.0%
github.com/gomlx/gomlx/types/tensors/images/images.go:32:			GetChannelsAxis					60.0%
github.com/gomlx/gomlx/types/tensors/images/images.go:49:			GetSpatialAxes					75.0%
github.com/gomlx/gomlx/types/tensors/images/images.go:74:			GetUpSampledSizes				90.0%
github.com/gomlx/gomlx/types/tensors/images/images.go:102:			ToTensor					100.0%
github.com/gomlx/gomlx/types/tensors/images/images.go:119:			WithAlpha					100.0%
github.com/gomlx/gomlx/types/tensors/images/images.go:130:			MaxValue					100.0%
github.com/gomlx/gomlx/types/tensors/images/images.go:140:			Single						100.0%
github.com/gomlx/gomlx/types/tensors/images/images.go:149:			Batch						100.0%
github.com/gomlx/gomlx/types/tensors/images/images.go:153:			toTensorImpl					77.8%
github.com/gomlx/gomlx/types/tensors/images/images.go:188:			toTensorGenericsImpl				88.9%
github.com/gomlx/gomlx/types/tensors/images/images.go:264:			ToImage						100.0%
github.com/gomlx/gomlx/types/tensors/images/images.go:274:			MaxValue					0.0%
github.com/gomlx/gomlx/types/tensors/images/images.go:283:			Single						100.0%
github.com/gomlx/gomlx/types/tensors/images/images.go:296:			Batch						0.0%
github.com/gomlx/gomlx/types/tensors/images/images.go:300:			toImageImpl					74.3%
github.com/gomlx/gomlx/types/tensors/images/images.go:359:			toImageGenericsImpl				95.2%
github.com/gomlx/gomlx/types/tensors/local.go:28:				FromShape					83.3%
github.com/gomlx/gomlx/types/tensors/local.go:43:				LocalClone					100.0%
github.com/gomlx/gomlx/types/tensors/local.go:62:				IsFinalized					100.0%
github.com/gomlx/gomlx/types/tensors/local.go:67:				Finalize					80.0%
github.com/gomlx/gomlx/types/tensors/local.go:78:				HasLocal					0.0%
github.com/gomlx/gomlx/types/tensors/local.go:98:				ConstFlatData					100.0%
github.com/gomlx/gomlx/types/tensors/local.go:105:				lockedConstFlatData				100.0%
github.com/gomlx/gomlx/types/tensors/local.go:125:				ConstFlatData					66.7%
github.com/gomlx/gomlx/types/tensors/local.go:146:				ConstBytes					100.0%
github.com/gomlx/gomlx/types/tensors/local.go:177:				MutableFlatData					100.0%
github.com/gomlx/gomlx/types/tensors/local.go:196:				MutableBytes					100.0%
github.com/gomlx/gomlx/types/tensors/local.go:230:				MutableFlatData					66.7%
github.com/gomlx/gomlx/types/tensors/local.go:247:				ToScalar					63.6%
github.com/gomlx/gomlx/types/tensors/local.go:269:				CopyFlatData					100.0%
github.com/gomlx/gomlx/types/tensors/local.go:293:				LayoutStrides					88.9%
github.com/gomlx/gomlx/types/tensors/local.go:312:				Value						100.0%
github.com/gomlx/gomlx/types/tensors/local.go:342:				GobSerialize					76.9%
github.com/gomlx/gomlx/types/tensors/local.go:364:				GobDeserialize					66.7%
github.com/gomlx/gomlx/types/tensors/local.go:389:				Save						62.5%
github.com/gomlx/gomlx/types/tensors/local.go:412:				Load						61.5%
github.com/gomlx/gomlx/types/tensors/local.go:435:				String						100.0%
github.com/gomlx/gomlx/types/tensors/local.go:441:				StringN						100.0%
github.com/gomlx/gomlx/types/tensors/local.go:457:				GoStr						100.0%
github.com/gomlx/gomlx/types/tensors/local.go:469:				FromScalarAndDimensions				100.0%
github.com/gomlx/gomlx/types/tensors/local.go:482:				FromFlatDataAndDimensions			86.7%
github.com/gomlx/gomlx/types/tensors/local.go:516:				FromValue					100.0%
github.com/gomlx/gomlx/types/tensors/local.go:526:				FromAnyValue					77.3%
github.com/gomlx/gomlx/types/tensors/local.go:565:				copySlicesRecursively				100.0%
github.com/gomlx/gomlx/types/tensors/local.go:585:				convertDataToSlices				90.9%
github.com/gomlx/gomlx/types/tensors/local.go:604:				createSlicesRecursively				100.0%
github.com/gomlx/gomlx/types/tensors/local.go:626:				shapeForValue					100.0%
github.com/gomlx/gomlx/types/tensors/local.go:631:				shapeForValueRecursive				87.0%
github.com/gomlx/gomlx/types/tensors/local.go:672:				baseType					100.0%
github.com/gomlx/gomlx/types/tensors/local.go:685:				Equal						68.4%
github.com/gomlx/gomlx/types/tensors/local.go:721:				InDelta						81.8%
github.com/gomlx/gomlx/types/tensors/local.go:743:				IsLocal						100.0%
github.com/gomlx/gomlx/types/tensors/local.go:750:				FinalizeLocal					100.0%
github.com/gomlx/gomlx/types/tensors/ondevice.go:19:				FromBuffer					100.0%
github.com/gomlx/gomlx/types/tensors/ondevice.go:38:				Buffer						88.9%
github.com/gomlx/gomlx/types/tensors/ondevice.go:61:				DonateBuffer					76.9%
github.com/gomlx/gomlx/types/tensors/ondevice.go:83:				IsFinalized					100.0%
github.com/gomlx/gomlx/types/tensors/ondevice.go:91:				Finalize					80.0%
github.com/gomlx/gomlx/types/tensors/ondevice.go:109:				MaterializeOnDevices				100.0%
github.com/gomlx/gomlx/types/tensors/ondevice.go:120:				lockedMaterializeOnDevices			78.9%
github.com/gomlx/gomlx/types/tensors/ondevice.go:168:				InvalidateOnDevice				0.0%
github.com/gomlx/gomlx/types/tensors/ondevice.go:182:				lockedInvalidateOnDevice			60.0%
github.com/gomlx/gomlx/types/tensors/ondevice.go:194:				MaterializeLocal				0.0%
github.com/gomlx/gomlx/types/tensors/ondevice.go:204:				lockedMaterializeLocal				71.4%
github.com/gomlx/gomlx/types/tensors/ondevice.go:237:				IsOnDevice					100.0%
github.com/gomlx/gomlx/types/tensors/tensor.go:93:				newTensor					100.0%
github.com/gomlx/gomlx/types/tensors/tensor.go:101:				Shape						100.0%
github.com/gomlx/gomlx/types/tensors/tensor.go:105:				DType						100.0%
github.com/gomlx/gomlx/types/tensors/tensor.go:111:				Rank						100.0%
github.com/gomlx/gomlx/types/tensors/tensor.go:115:				IsScalar					100.0%
github.com/gomlx/gomlx/types/tensors/tensor.go:119:				Size						100.0%
github.com/gomlx/gomlx/types/tensors/tensor.go:122:				Memory						0.0%
github.com/gomlx/gomlx/types/tensors/tensor.go:125:				Ok						100.0%
github.com/gomlx/gomlx/types/tensors/tensor.go:131:				AssertValid					50.0%
github.com/gomlx/gomlx/types/tensors/tensor.go:152:				FinalizeAll					83.3%
github.com/gomlx/gomlx/types/types.go:12:					MakeSet						100.0%
github.com/gomlx/gomlx/types/types.go:20:					SetWith						100.0%
github.com/gomlx/gomlx/types/types.go:29:					Has						100.0%
github.com/gomlx/gomlx/types/types.go:35:					Insert						100.0%
github.com/gomlx/gomlx/types/types.go:42:					Sub						0.0%
github.com/gomlx/gomlx/types/xslices/xslices.go:36:				At						100.0%
github.com/gomlx/gomlx/types/xslices/xslices.go:45:				SetAt						100.0%
github.com/gomlx/gomlx/types/xslices/xslices.go:53:				Last						100.0%
github.com/gomlx/gomlx/types/xslices/xslices.go:58:				SetLast						100.0%
github.com/gomlx/gomlx/types/xslices/xslices.go:63:				Copy						80.0%
github.com/gomlx/gomlx/types/xslices/xslices.go:77:				SlicesInDelta					81.8%
github.com/gomlx/gomlx/types/xslices/xslices.go:118:				Close						64.3%
github.com/gomlx/gomlx/types/xslices/xslices.go:140:				EqualAny					71.4%
github.com/gomlx/gomlx/types/xslices/xslices.go:153:				FillSlice					83.3%
github.com/gomlx/gomlx/types/xslices/xslices.go:168:				FillAnySlice					81.2%
github.com/gomlx/gomlx/types/xslices/xslices.go:198:				SliceToGoStr					100.0%
github.com/gomlx/gomlx/types/xslices/xslices.go:202:				recursiveSliceToGoStr				100.0%
github.com/gomlx/gomlx/types/xslices/xslices.go:216:				SliceWithValue					100.0%
github.com/gomlx/gomlx/types/xslices/xslices.go:225:				Keys						100.0%
github.com/gomlx/gomlx/types/xslices/xslices.go:234:				SortedKeys					100.0%
github.com/gomlx/gomlx/types/xslices/xslices.go:248:				MultidimensionalSliceWithValue			90.9%
github.com/gomlx/gomlx/types/xslices/xslices.go:265:				recursiveMDSlice				100.0%
github.com/gomlx/gomlx/types/xslices/xslices.go:288:				Slice2DWithValue				100.0%
github.com/gomlx/gomlx/types/xslices/xslices.go:293:				Slice3DWithValue				100.0%
github.com/gomlx/gomlx/types/xslices/xslices.go:299:				Iota						100.0%
github.com/gomlx/gomlx/types/xslices/xslices.go:312:				Map						100.0%
github.com/gomlx/gomlx/types/xslices/xslices.go:322:				MapParallel					94.7%
github.com/gomlx/gomlx/types/xslices/xslices.go:351:				Max						85.7%
github.com/gomlx/gomlx/types/xslices/xslices.go:365:				Min						85.7%
github.com/gomlx/gomlx/types/xslices/xslices.go:380:				Pop						100.0%
github.com/gomlx/gomlx/types/xslices/xslices.go:391:				DeepSliceCmp					100.0%
github.com/gomlx/gomlx/types/xslices/xslices.go:395:				recursiveDeepSliceCmp				61.5%
github.com/gomlx/gomlx/types/xslices/xslices.go:419:				Flag						100.0%
github.com/gomlx/gomlx/types/xslices/xslices.go:435:				String						90.0%
github.com/gomlx/gomlx/types/xslices/xslices.go:452:				Set						72.7%
total:										(statements)					73.0%
